2025-06-13 14:09:44 startup archives install
2025-06-13 14:09:44 install base-passwd:amd64 <none> 3.5.47
2025-06-13 14:09:44 status half-installed base-passwd:amd64 3.5.47
2025-06-13 14:09:44 status unpacked base-passwd:amd64 3.5.47
2025-06-13 14:09:44 configure base-passwd:amd64 3.5.47 3.5.47
2025-06-13 14:09:44 status half-configured base-passwd:amd64 3.5.47
2025-06-13 14:09:45 status installed base-passwd:amd64 3.5.47
2025-06-13 14:09:45 startup archives install
2025-06-13 14:09:45 install base-files:amd64 <none> 11ubuntu5
2025-06-13 14:09:45 status half-installed base-files:amd64 11ubuntu5
2025-06-13 14:09:45 status unpacked base-files:amd64 11ubuntu5
2025-06-13 14:09:45 configure base-files:amd64 11ubuntu5 11ubuntu5
2025-06-13 14:09:45 status half-configured base-files:amd64 11ubuntu5
2025-06-13 14:09:45 status installed base-files:amd64 11ubuntu5
2025-06-13 14:09:48 startup archives install
2025-06-13 14:09:49 upgrade dpkg 1.19.7ubuntu3 1.19.7ubuntu3
2025-06-13 14:09:49 status half-configured dpkg 1.19.7ubuntu3
2025-06-13 14:09:49 status unpacked dpkg 1.19.7ubuntu3
2025-06-13 14:09:49 status half-installed dpkg 1.19.7ubuntu3
2025-06-13 14:09:49 status unpacked dpkg:amd64 1.19.7ubuntu3
2025-06-13 14:09:49 configure dpkg:amd64 1.19.7ubuntu3 1.19.7ubuntu3
2025-06-13 14:09:49 status half-configured dpkg:amd64 1.19.7ubuntu3
2025-06-13 14:09:49 status installed dpkg:amd64 1.19.7ubuntu3
2025-06-13 14:09:49 startup archives install
2025-06-13 14:09:50 install libc6:amd64 <none> 2.31-0ubuntu9
2025-06-13 14:09:50 status half-installed libc6:amd64 2.31-0ubuntu9
2025-06-13 14:09:51 status unpacked libc6:amd64 2.31-0ubuntu9
2025-06-13 14:09:51 configure libc6:amd64 2.31-0ubuntu9 2.31-0ubuntu9
2025-06-13 14:09:51 status half-configured libc6:amd64 2.31-0ubuntu9
2025-06-13 14:09:51 status installed libc6:amd64 2.31-0ubuntu9
2025-06-13 14:09:51 startup archives install
2025-06-13 14:09:51 install perl-base:amd64 <none> 5.30.0-9build1
2025-06-13 14:09:51 status half-installed perl-base:amd64 5.30.0-9build1
2025-06-13 14:09:52 status unpacked perl-base:amd64 5.30.0-9build1
2025-06-13 14:09:52 configure perl-base:amd64 5.30.0-9build1 5.30.0-9build1
2025-06-13 14:09:52 status half-configured perl-base:amd64 5.30.0-9build1
2025-06-13 14:09:52 status installed perl-base:amd64 5.30.0-9build1
2025-06-13 14:09:52 startup archives install
2025-06-13 14:09:52 install mawk:amd64 <none> 1.3.4.20200120-2
2025-06-13 14:09:52 status half-installed mawk:amd64 1.3.4.20200120-2
2025-06-13 14:09:52 status unpacked mawk:amd64 1.3.4.20200120-2
2025-06-13 14:09:53 configure mawk:amd64 1.3.4.20200120-2 1.3.4.20200120-2
2025-06-13 14:09:53 status half-configured mawk:amd64 1.3.4.20200120-2
2025-06-13 14:09:53 status installed mawk:amd64 1.3.4.20200120-2
2025-06-13 14:09:53 startup archives unpack
2025-06-13 14:09:53 upgrade base-files:amd64 11ubuntu5 11ubuntu5
2025-06-13 14:09:53 status half-configured base-files:amd64 11ubuntu5
2025-06-13 14:09:53 status unpacked base-files:amd64 11ubuntu5
2025-06-13 14:09:53 status half-installed base-files:amd64 11ubuntu5
2025-06-13 14:09:53 status unpacked base-files:amd64 11ubuntu5
2025-06-13 14:09:53 upgrade base-passwd:amd64 3.5.47 3.5.47
2025-06-13 14:09:53 status half-configured base-passwd:amd64 3.5.47
2025-06-13 14:09:53 status unpacked base-passwd:amd64 3.5.47
2025-06-13 14:09:53 status half-installed base-passwd:amd64 3.5.47
2025-06-13 14:09:53 status unpacked base-passwd:amd64 3.5.47
2025-06-13 14:09:53 install bash:amd64 <none> 5.0-6ubuntu1
2025-06-13 14:09:53 status half-installed bash:amd64 5.0-6ubuntu1
2025-06-13 14:09:53 status unpacked bash:amd64 5.0-6ubuntu1
2025-06-13 14:09:53 install bsdutils:amd64 <none> 1:2.34-0.1ubuntu9
2025-06-13 14:09:53 status half-installed bsdutils:amd64 1:2.34-0.1ubuntu9
2025-06-13 14:09:53 status unpacked bsdutils:amd64 1:2.34-0.1ubuntu9
2025-06-13 14:09:54 install coreutils:amd64 <none> 8.30-3ubuntu2
2025-06-13 14:09:54 status half-installed coreutils:amd64 8.30-3ubuntu2
2025-06-13 14:09:54 status unpacked coreutils:amd64 8.30-3ubuntu2
2025-06-13 14:09:55 install dash:amd64 <none> 0.5.10.2-6
2025-06-13 14:09:55 status half-installed dash:amd64 0.5.10.2-6
2025-06-13 14:09:55 status unpacked dash:amd64 0.5.10.2-6
2025-06-13 14:09:55 install debconf:all <none> 1.5.73
2025-06-13 14:09:55 status half-installed debconf:all 1.5.73
2025-06-13 14:09:55 status unpacked debconf:all 1.5.73
2025-06-13 14:09:55 install debianutils:amd64 <none> 4.9.1
2025-06-13 14:09:55 status half-installed debianutils:amd64 4.9.1
2025-06-13 14:09:55 status unpacked debianutils:amd64 4.9.1
2025-06-13 14:09:56 install diffutils:amd64 <none> 1:3.7-3
2025-06-13 14:09:56 status half-installed diffutils:amd64 1:3.7-3
2025-06-13 14:09:56 status unpacked diffutils:amd64 1:3.7-3
2025-06-13 14:09:56 upgrade dpkg:amd64 1.19.7ubuntu3 1.19.7ubuntu3
2025-06-13 14:09:56 status half-configured dpkg:amd64 1.19.7ubuntu3
2025-06-13 14:09:56 status unpacked dpkg:amd64 1.19.7ubuntu3
2025-06-13 14:09:56 status half-installed dpkg:amd64 1.19.7ubuntu3
2025-06-13 14:09:56 status unpacked dpkg:amd64 1.19.7ubuntu3
2025-06-13 14:09:56 install e2fsprogs:amd64 <none> 1.45.5-2ubuntu1
2025-06-13 14:09:56 status half-installed e2fsprogs:amd64 1.45.5-2ubuntu1
2025-06-13 14:09:57 status unpacked e2fsprogs:amd64 1.45.5-2ubuntu1
2025-06-13 14:09:57 install fdisk:amd64 <none> 2.34-0.1ubuntu9
2025-06-13 14:09:57 status half-installed fdisk:amd64 2.34-0.1ubuntu9
2025-06-13 14:09:57 status unpacked fdisk:amd64 2.34-0.1ubuntu9
2025-06-13 14:09:57 install findutils:amd64 <none> 4.7.0-1ubuntu1
2025-06-13 14:09:57 status half-installed findutils:amd64 4.7.0-1ubuntu1
2025-06-13 14:09:57 status unpacked findutils:amd64 4.7.0-1ubuntu1
2025-06-13 14:09:57 install gcc-10-base:amd64 <none> 10-20200411-0ubuntu1
2025-06-13 14:09:57 status half-installed gcc-10-base:amd64 10-20200411-0ubuntu1
2025-06-13 14:09:57 status unpacked gcc-10-base:amd64 10-20200411-0ubuntu1
2025-06-13 14:09:57 install grep:amd64 <none> 3.4-1
2025-06-13 14:09:57 status half-installed grep:amd64 3.4-1
2025-06-13 14:09:57 status unpacked grep:amd64 3.4-1
2025-06-13 14:09:57 install gzip:amd64 <none> 1.10-0ubuntu4
2025-06-13 14:09:57 status half-installed gzip:amd64 1.10-0ubuntu4
2025-06-13 14:09:57 status unpacked gzip:amd64 1.10-0ubuntu4
2025-06-13 14:09:57 install hostname:amd64 <none> 3.23
2025-06-13 14:09:57 status half-installed hostname:amd64 3.23
2025-06-13 14:09:57 status unpacked hostname:amd64 3.23
2025-06-13 14:09:57 install init-system-helpers:all <none> 1.57
2025-06-13 14:09:57 status half-installed init-system-helpers:all 1.57
2025-06-13 14:09:57 status unpacked init-system-helpers:all 1.57
2025-06-13 14:09:58 install libacl1:amd64 <none> 2.2.53-6
2025-06-13 14:09:58 status half-installed libacl1:amd64 2.2.53-6
2025-06-13 14:09:58 status unpacked libacl1:amd64 2.2.53-6
2025-06-13 14:09:58 install libattr1:amd64 <none> 1:2.4.48-5
2025-06-13 14:09:58 status half-installed libattr1:amd64 1:2.4.48-5
2025-06-13 14:09:58 status unpacked libattr1:amd64 1:2.4.48-5
2025-06-13 14:09:58 install libaudit-common:all <none> 1:2.8.5-2ubuntu6
2025-06-13 14:09:58 status half-installed libaudit-common:all 1:2.8.5-2ubuntu6
2025-06-13 14:09:58 status unpacked libaudit-common:all 1:2.8.5-2ubuntu6
2025-06-13 14:09:58 install libaudit1:amd64 <none> 1:2.8.5-2ubuntu6
2025-06-13 14:09:58 status half-installed libaudit1:amd64 1:2.8.5-2ubuntu6
2025-06-13 14:09:58 status unpacked libaudit1:amd64 1:2.8.5-2ubuntu6
2025-06-13 14:09:58 install libblkid1:amd64 <none> 2.34-0.1ubuntu9
2025-06-13 14:09:58 status half-installed libblkid1:amd64 2.34-0.1ubuntu9
2025-06-13 14:09:58 status unpacked libblkid1:amd64 2.34-0.1ubuntu9
2025-06-13 14:09:58 install libbz2-1.0:amd64 <none> 1.0.8-2
2025-06-13 14:09:58 status half-installed libbz2-1.0:amd64 1.0.8-2
2025-06-13 14:09:58 status unpacked libbz2-1.0:amd64 1.0.8-2
2025-06-13 14:09:58 install libc-bin:amd64 <none> 2.31-0ubuntu9
2025-06-13 14:09:58 status half-installed libc-bin:amd64 2.31-0ubuntu9
2025-06-13 14:09:59 status unpacked libc-bin:amd64 2.31-0ubuntu9
2025-06-13 14:09:59 upgrade libc6:amd64 2.31-0ubuntu9 2.31-0ubuntu9
2025-06-13 14:09:59 status half-configured libc6:amd64 2.31-0ubuntu9
2025-06-13 14:09:59 status unpacked libc6:amd64 2.31-0ubuntu9
2025-06-13 14:09:59 status half-installed libc6:amd64 2.31-0ubuntu9
2025-06-13 14:10:00 status unpacked libc6:amd64 2.31-0ubuntu9
2025-06-13 14:10:00 install libcap-ng0:amd64 <none> 0.7.9-2.1build1
2025-06-13 14:10:00 status half-installed libcap-ng0:amd64 0.7.9-2.1build1
2025-06-13 14:10:00 status unpacked libcap-ng0:amd64 0.7.9-2.1build1
2025-06-13 14:10:00 install libcom-err2:amd64 <none> 1.45.5-2ubuntu1
2025-06-13 14:10:00 status half-installed libcom-err2:amd64 1.45.5-2ubuntu1
2025-06-13 14:10:00 status unpacked libcom-err2:amd64 1.45.5-2ubuntu1
2025-06-13 14:10:00 install libcrypt1:amd64 <none> 1:4.4.10-10ubuntu4
2025-06-13 14:10:00 status half-installed libcrypt1:amd64 1:4.4.10-10ubuntu4
2025-06-13 14:10:00 status unpacked libcrypt1:amd64 1:4.4.10-10ubuntu4
2025-06-13 14:10:00 install libdb5.3:amd64 <none> 5.3.28+dfsg1-0.6ubuntu2
2025-06-13 14:10:00 status half-installed libdb5.3:amd64 5.3.28+dfsg1-0.6ubuntu2
2025-06-13 14:10:00 status unpacked libdb5.3:amd64 5.3.28+dfsg1-0.6ubuntu2
2025-06-13 14:10:01 install libdebconfclient0:amd64 <none> 0.251ubuntu1
2025-06-13 14:10:01 status half-installed libdebconfclient0:amd64 0.251ubuntu1
2025-06-13 14:10:01 status unpacked libdebconfclient0:amd64 0.251ubuntu1
2025-06-13 14:10:01 install libext2fs2:amd64 <none> 1.45.5-2ubuntu1
2025-06-13 14:10:01 status half-installed libext2fs2:amd64 1.45.5-2ubuntu1
2025-06-13 14:10:01 status unpacked libext2fs2:amd64 1.45.5-2ubuntu1
2025-06-13 14:10:01 install libfdisk1:amd64 <none> 2.34-0.1ubuntu9
2025-06-13 14:10:01 status half-installed libfdisk1:amd64 2.34-0.1ubuntu9
2025-06-13 14:10:01 status unpacked libfdisk1:amd64 2.34-0.1ubuntu9
2025-06-13 14:10:01 install libgcc-s1:amd64 <none> 10-20200411-0ubuntu1
2025-06-13 14:10:01 status half-installed libgcc-s1:amd64 10-20200411-0ubuntu1
2025-06-13 14:10:01 status unpacked libgcc-s1:amd64 10-20200411-0ubuntu1
2025-06-13 14:10:01 install libgcrypt20:amd64 <none> 1.8.5-5ubuntu1
2025-06-13 14:10:01 status half-installed libgcrypt20:amd64 1.8.5-5ubuntu1
2025-06-13 14:10:01 status unpacked libgcrypt20:amd64 1.8.5-5ubuntu1
2025-06-13 14:10:01 install libgpg-error0:amd64 <none> 1.37-1
2025-06-13 14:10:01 status half-installed libgpg-error0:amd64 1.37-1
2025-06-13 14:10:01 status unpacked libgpg-error0:amd64 1.37-1
2025-06-13 14:10:02 install liblz4-1:amd64 <none> 1.9.2-2
2025-06-13 14:10:02 status half-installed liblz4-1:amd64 1.9.2-2
2025-06-13 14:10:02 status unpacked liblz4-1:amd64 1.9.2-2
2025-06-13 14:10:02 install liblzma5:amd64 <none> 5.2.4-1
2025-06-13 14:10:02 status half-installed liblzma5:amd64 5.2.4-1
2025-06-13 14:10:02 status unpacked liblzma5:amd64 5.2.4-1
2025-06-13 14:10:02 install libmount1:amd64 <none> 2.34-0.1ubuntu9
2025-06-13 14:10:02 status half-installed libmount1:amd64 2.34-0.1ubuntu9
2025-06-13 14:10:02 status unpacked libmount1:amd64 2.34-0.1ubuntu9
2025-06-13 14:10:02 install libncurses6:amd64 <none> 6.2-0ubuntu2
2025-06-13 14:10:02 status half-installed libncurses6:amd64 6.2-0ubuntu2
2025-06-13 14:10:02 status unpacked libncurses6:amd64 6.2-0ubuntu2
2025-06-13 14:10:02 install libncursesw6:amd64 <none> 6.2-0ubuntu2
2025-06-13 14:10:02 status half-installed libncursesw6:amd64 6.2-0ubuntu2
2025-06-13 14:10:02 status unpacked libncursesw6:amd64 6.2-0ubuntu2
2025-06-13 14:10:02 install libpam-modules:amd64 <none> 1.3.1-5ubuntu4
2025-06-13 14:10:02 status half-installed libpam-modules:amd64 1.3.1-5ubuntu4
2025-06-13 14:10:03 status unpacked libpam-modules:amd64 1.3.1-5ubuntu4
2025-06-13 14:10:03 install libpam-modules-bin:amd64 <none> 1.3.1-5ubuntu4
2025-06-13 14:10:03 status half-installed libpam-modules-bin:amd64 1.3.1-5ubuntu4
2025-06-13 14:10:03 status unpacked libpam-modules-bin:amd64 1.3.1-5ubuntu4
2025-06-13 14:10:03 install libpam-runtime:all <none> 1.3.1-5ubuntu4
2025-06-13 14:10:03 status half-installed libpam-runtime:all 1.3.1-5ubuntu4
2025-06-13 14:10:03 status unpacked libpam-runtime:all 1.3.1-5ubuntu4
2025-06-13 14:10:03 install libpam0g:amd64 <none> 1.3.1-5ubuntu4
2025-06-13 14:10:03 status half-installed libpam0g:amd64 1.3.1-5ubuntu4
2025-06-13 14:10:03 status unpacked libpam0g:amd64 1.3.1-5ubuntu4
2025-06-13 14:10:03 install libpcre2-8-0:amd64 <none> 10.34-7
2025-06-13 14:10:03 status half-installed libpcre2-8-0:amd64 10.34-7
2025-06-13 14:10:03 status unpacked libpcre2-8-0:amd64 10.34-7
2025-06-13 14:10:03 install libpcre3:amd64 <none> 2:8.39-12build1
2025-06-13 14:10:03 status half-installed libpcre3:amd64 2:8.39-12build1
2025-06-13 14:10:04 status unpacked libpcre3:amd64 2:8.39-12build1
2025-06-13 14:10:04 install libprocps8:amd64 <none> 2:3.3.16-1ubuntu2
2025-06-13 14:10:04 status half-installed libprocps8:amd64 2:3.3.16-1ubuntu2
2025-06-13 14:10:04 status unpacked libprocps8:amd64 2:3.3.16-1ubuntu2
2025-06-13 14:10:04 install libselinux1:amd64 <none> 3.0-1build2
2025-06-13 14:10:04 status half-installed libselinux1:amd64 3.0-1build2
2025-06-13 14:10:04 status unpacked libselinux1:amd64 3.0-1build2
2025-06-13 14:10:04 install libsemanage-common:all <none> 3.0-1build2
2025-06-13 14:10:04 status half-installed libsemanage-common:all 3.0-1build2
2025-06-13 14:10:04 status unpacked libsemanage-common:all 3.0-1build2
2025-06-13 14:10:04 install libsemanage1:amd64 <none> 3.0-1build2
2025-06-13 14:10:04 status half-installed libsemanage1:amd64 3.0-1build2
2025-06-13 14:10:04 status unpacked libsemanage1:amd64 3.0-1build2
2025-06-13 14:10:04 install libsepol1:amd64 <none> 3.0-1
2025-06-13 14:10:04 status half-installed libsepol1:amd64 3.0-1
2025-06-13 14:10:04 status unpacked libsepol1:amd64 3.0-1
2025-06-13 14:10:04 install libsmartcols1:amd64 <none> 2.34-0.1ubuntu9
2025-06-13 14:10:04 status half-installed libsmartcols1:amd64 2.34-0.1ubuntu9
2025-06-13 14:10:04 status unpacked libsmartcols1:amd64 2.34-0.1ubuntu9
2025-06-13 14:10:04 install libss2:amd64 <none> 1.45.5-2ubuntu1
2025-06-13 14:10:04 status half-installed libss2:amd64 1.45.5-2ubuntu1
2025-06-13 14:10:05 status unpacked libss2:amd64 1.45.5-2ubuntu1
2025-06-13 14:10:05 install libsystemd0:amd64 <none> 245.4-4ubuntu3
2025-06-13 14:10:05 status half-installed libsystemd0:amd64 245.4-4ubuntu3
2025-06-13 14:10:05 status unpacked libsystemd0:amd64 245.4-4ubuntu3
2025-06-13 14:10:05 install libtinfo6:amd64 <none> 6.2-0ubuntu2
2025-06-13 14:10:05 status half-installed libtinfo6:amd64 6.2-0ubuntu2
2025-06-13 14:10:05 status unpacked libtinfo6:amd64 6.2-0ubuntu2
2025-06-13 14:10:05 install libudev1:amd64 <none> 245.4-4ubuntu3
2025-06-13 14:10:05 status half-installed libudev1:amd64 245.4-4ubuntu3
2025-06-13 14:10:05 status unpacked libudev1:amd64 245.4-4ubuntu3
2025-06-13 14:10:05 install libuuid1:amd64 <none> 2.34-0.1ubuntu9
2025-06-13 14:10:05 status half-installed libuuid1:amd64 2.34-0.1ubuntu9
2025-06-13 14:10:05 status unpacked libuuid1:amd64 2.34-0.1ubuntu9
2025-06-13 14:10:05 install libzstd1:amd64 <none> 1.4.4+dfsg-3
2025-06-13 14:10:05 status half-installed libzstd1:amd64 1.4.4+dfsg-3
2025-06-13 14:10:05 status unpacked libzstd1:amd64 1.4.4+dfsg-3
2025-06-13 14:10:06 install login:amd64 <none> 1:4.8.1-1ubuntu5
2025-06-13 14:10:06 status half-installed login:amd64 1:4.8.1-1ubuntu5
2025-06-13 14:10:06 status unpacked login:amd64 1:4.8.1-1ubuntu5
2025-06-13 14:10:06 install logsave:amd64 <none> 1.45.5-2ubuntu1
2025-06-13 14:10:06 status half-installed logsave:amd64 1.45.5-2ubuntu1
2025-06-13 14:10:06 status unpacked logsave:amd64 1.45.5-2ubuntu1
2025-06-13 14:10:06 install lsb-base:all <none> 11.1.0ubuntu2
2025-06-13 14:10:06 status half-installed lsb-base:all 11.1.0ubuntu2
2025-06-13 14:10:06 status unpacked lsb-base:all 11.1.0ubuntu2
2025-06-13 14:10:06 upgrade mawk:amd64 1.3.4.20200120-2 1.3.4.20200120-2
2025-06-13 14:10:06 status half-configured mawk:amd64 1.3.4.20200120-2
2025-06-13 14:10:06 status unpacked mawk:amd64 1.3.4.20200120-2
2025-06-13 14:10:06 status half-installed mawk:amd64 1.3.4.20200120-2
2025-06-13 14:10:06 status unpacked mawk:amd64 1.3.4.20200120-2
2025-06-13 14:10:06 install mount:amd64 <none> 2.34-0.1ubuntu9
2025-06-13 14:10:06 status half-installed mount:amd64 2.34-0.1ubuntu9
2025-06-13 14:10:07 status unpacked mount:amd64 2.34-0.1ubuntu9
2025-06-13 14:10:07 install ncurses-base:all <none> 6.2-0ubuntu2
2025-06-13 14:10:07 status half-installed ncurses-base:all 6.2-0ubuntu2
2025-06-13 14:10:07 status unpacked ncurses-base:all 6.2-0ubuntu2
2025-06-13 14:10:07 install ncurses-bin:amd64 <none> 6.2-0ubuntu2
2025-06-13 14:10:07 status half-installed ncurses-bin:amd64 6.2-0ubuntu2
2025-06-13 14:10:07 status unpacked ncurses-bin:amd64 6.2-0ubuntu2
2025-06-13 14:10:07 install passwd:amd64 <none> 1:4.8.1-1ubuntu5
2025-06-13 14:10:07 status half-installed passwd:amd64 1:4.8.1-1ubuntu5
2025-06-13 14:10:10 status unpacked passwd:amd64 1:4.8.1-1ubuntu5
2025-06-13 14:10:10 upgrade perl-base:amd64 5.30.0-9build1 5.30.0-9build1
2025-06-13 14:10:10 status half-configured perl-base:amd64 5.30.0-9build1
2025-06-13 14:10:10 status unpacked perl-base:amd64 5.30.0-9build1
2025-06-13 14:10:10 status half-installed perl-base:amd64 5.30.0-9build1
2025-06-13 14:10:11 status unpacked perl-base:amd64 5.30.0-9build1
2025-06-13 14:10:11 install procps:amd64 <none> 2:3.3.16-1ubuntu2
2025-06-13 14:10:11 status half-installed procps:amd64 2:3.3.16-1ubuntu2
2025-06-13 14:10:12 status unpacked procps:amd64 2:3.3.16-1ubuntu2
2025-06-13 14:10:12 install sed:amd64 <none> 4.7-1
2025-06-13 14:10:12 status half-installed sed:amd64 4.7-1
2025-06-13 14:10:12 status unpacked sed:amd64 4.7-1
2025-06-13 14:10:12 install sensible-utils:all <none> 0.0.12+nmu1
2025-06-13 14:10:12 status half-installed sensible-utils:all 0.0.12+nmu1
2025-06-13 14:10:12 status unpacked sensible-utils:all 0.0.12+nmu1
2025-06-13 14:10:12 install sysvinit-utils:amd64 <none> 2.96-2.1ubuntu1
2025-06-13 14:10:12 status half-installed sysvinit-utils:amd64 2.96-2.1ubuntu1
2025-06-13 14:10:12 status unpacked sysvinit-utils:amd64 2.96-2.1ubuntu1
2025-06-13 14:10:12 install tar:amd64 <none> 1.30+dfsg-7
2025-06-13 14:10:12 status half-installed tar:amd64 1.30+dfsg-7
2025-06-13 14:10:12 status unpacked tar:amd64 1.30+dfsg-7
2025-06-13 14:10:12 install util-linux:amd64 <none> 2.34-0.1ubuntu9
2025-06-13 14:10:12 status half-installed util-linux:amd64 2.34-0.1ubuntu9
2025-06-13 14:10:13 status unpacked util-linux:amd64 2.34-0.1ubuntu9
2025-06-13 14:10:13 install zlib1g:amd64 <none> 1:1.2.11.dfsg-2ubuntu1
2025-06-13 14:10:13 status half-installed zlib1g:amd64 1:1.2.11.dfsg-2ubuntu1
2025-06-13 14:10:13 status unpacked zlib1g:amd64 1:1.2.11.dfsg-2ubuntu1
2025-06-13 14:10:13 startup packages configure
2025-06-13 14:10:13 configure lsb-base:all 11.1.0ubuntu2 <none>
2025-06-13 14:10:13 status unpacked lsb-base:all 11.1.0ubuntu2
2025-06-13 14:10:13 status half-configured lsb-base:all 11.1.0ubuntu2
2025-06-13 14:10:13 status installed lsb-base:all 11.1.0ubuntu2
2025-06-13 14:10:13 configure libaudit-common:all 1:2.8.5-2ubuntu6 <none>
2025-06-13 14:10:13 status unpacked libaudit-common:all 1:2.8.5-2ubuntu6
2025-06-13 14:10:13 status half-configured libaudit-common:all 1:2.8.5-2ubuntu6
2025-06-13 14:10:13 status installed libaudit-common:all 1:2.8.5-2ubuntu6
2025-06-13 14:10:13 configure libsemanage-common:all 3.0-1build2 <none>
2025-06-13 14:10:13 status unpacked libsemanage-common:all 3.0-1build2
2025-06-13 14:10:14 status half-configured libsemanage-common:all 3.0-1build2
2025-06-13 14:10:14 status installed libsemanage-common:all 3.0-1build2
2025-06-13 14:10:14 configure gcc-10-base:amd64 10-20200411-0ubuntu1 <none>
2025-06-13 14:10:14 status unpacked gcc-10-base:amd64 10-20200411-0ubuntu1
2025-06-13 14:10:14 status half-configured gcc-10-base:amd64 10-20200411-0ubuntu1
2025-06-13 14:10:14 status installed gcc-10-base:amd64 10-20200411-0ubuntu1
2025-06-13 14:10:14 configure ncurses-base:all 6.2-0ubuntu2 <none>
2025-06-13 14:10:14 status unpacked ncurses-base:all 6.2-0ubuntu2
2025-06-13 14:10:14 status half-configured ncurses-base:all 6.2-0ubuntu2
2025-06-13 14:10:14 status installed ncurses-base:all 6.2-0ubuntu2
2025-06-13 14:10:14 configure sensible-utils:all 0.0.12+nmu1 <none>
2025-06-13 14:10:14 status unpacked sensible-utils:all 0.0.12+nmu1
2025-06-13 14:10:14 status half-configured sensible-utils:all 0.0.12+nmu1
2025-06-13 14:10:14 status installed sensible-utils:all 0.0.12+nmu1
2025-06-13 14:10:14 configure libcrypt1:amd64 1:4.4.10-10ubuntu4 <none>
2025-06-13 14:10:14 status unpacked libcrypt1:amd64 1:4.4.10-10ubuntu4
2025-06-13 14:10:14 status half-configured libcrypt1:amd64 1:4.4.10-10ubuntu4
2025-06-13 14:10:14 status installed libcrypt1:amd64 1:4.4.10-10ubuntu4
2025-06-13 14:10:14 configure libgcc-s1:amd64 10-20200411-0ubuntu1 <none>
2025-06-13 14:10:14 status unpacked libgcc-s1:amd64 10-20200411-0ubuntu1
2025-06-13 14:10:14 status half-configured libgcc-s1:amd64 10-20200411-0ubuntu1
2025-06-13 14:10:14 status installed libgcc-s1:amd64 10-20200411-0ubuntu1
2025-06-13 14:10:14 configure libc6:amd64 2.31-0ubuntu9 <none>
2025-06-13 14:10:14 status unpacked libc6:amd64 2.31-0ubuntu9
2025-06-13 14:10:14 status half-configured libc6:amd64 2.31-0ubuntu9
2025-06-13 14:10:14 status installed libc6:amd64 2.31-0ubuntu9
2025-06-13 14:10:14 configure libudev1:amd64 245.4-4ubuntu3 <none>
2025-06-13 14:10:14 status unpacked libudev1:amd64 245.4-4ubuntu3
2025-06-13 14:10:14 status half-configured libudev1:amd64 245.4-4ubuntu3
2025-06-13 14:10:14 status installed libudev1:amd64 245.4-4ubuntu3
2025-06-13 14:10:14 configure libsepol1:amd64 3.0-1 <none>
2025-06-13 14:10:14 status unpacked libsepol1:amd64 3.0-1
2025-06-13 14:10:14 status half-configured libsepol1:amd64 3.0-1
2025-06-13 14:10:14 status installed libsepol1:amd64 3.0-1
2025-06-13 14:10:14 configure libattr1:amd64 1:2.4.48-5 <none>
2025-06-13 14:10:14 status unpacked libattr1:amd64 1:2.4.48-5
2025-06-13 14:10:14 status half-configured libattr1:amd64 1:2.4.48-5
2025-06-13 14:10:14 status installed libattr1:amd64 1:2.4.48-5
2025-06-13 14:10:14 configure debianutils:amd64 4.9.1 <none>
2025-06-13 14:10:14 status unpacked debianutils:amd64 4.9.1
2025-06-13 14:10:14 status half-configured debianutils:amd64 4.9.1
2025-06-13 14:10:14 status installed debianutils:amd64 4.9.1
2025-06-13 14:10:14 configure mawk:amd64 1.3.4.20200120-2 <none>
2025-06-13 14:10:14 status unpacked mawk:amd64 1.3.4.20200120-2
2025-06-13 14:10:14 status half-configured mawk:amd64 1.3.4.20200120-2
2025-06-13 14:10:14 status installed mawk:amd64 1.3.4.20200120-2
2025-06-13 14:10:14 configure libdebconfclient0:amd64 0.251ubuntu1 <none>
2025-06-13 14:10:14 status unpacked libdebconfclient0:amd64 0.251ubuntu1
2025-06-13 14:10:14 status half-configured libdebconfclient0:amd64 0.251ubuntu1
2025-06-13 14:10:14 status installed libdebconfclient0:amd64 0.251ubuntu1
2025-06-13 14:10:14 configure base-files:amd64 11ubuntu5 <none>
2025-06-13 14:10:14 status unpacked base-files:amd64 11ubuntu5
2025-06-13 14:10:15 status half-configured base-files:amd64 11ubuntu5
2025-06-13 14:10:15 status installed base-files:amd64 11ubuntu5
2025-06-13 14:10:15 configure libbz2-1.0:amd64 1.0.8-2 <none>
2025-06-13 14:10:15 status unpacked libbz2-1.0:amd64 1.0.8-2
2025-06-13 14:10:15 status half-configured libbz2-1.0:amd64 1.0.8-2
2025-06-13 14:10:15 status installed libbz2-1.0:amd64 1.0.8-2
2025-06-13 14:10:15 configure base-passwd:amd64 3.5.47 <none>
2025-06-13 14:10:15 status unpacked base-passwd:amd64 3.5.47
2025-06-13 14:10:15 status half-configured base-passwd:amd64 3.5.47
2025-06-13 14:10:15 status installed base-passwd:amd64 3.5.47
2025-06-13 14:10:15 configure libdb5.3:amd64 5.3.28+dfsg1-0.6ubuntu2 <none>
2025-06-13 14:10:15 status unpacked libdb5.3:amd64 5.3.28+dfsg1-0.6ubuntu2
2025-06-13 14:10:15 status half-configured libdb5.3:amd64 5.3.28+dfsg1-0.6ubuntu2
2025-06-13 14:10:15 status installed libdb5.3:amd64 5.3.28+dfsg1-0.6ubuntu2
2025-06-13 14:10:15 configure libblkid1:amd64 2.34-0.1ubuntu9 <none>
2025-06-13 14:10:15 status unpacked libblkid1:amd64 2.34-0.1ubuntu9
2025-06-13 14:10:15 status half-configured libblkid1:amd64 2.34-0.1ubuntu9
2025-06-13 14:10:15 status installed libblkid1:amd64 2.34-0.1ubuntu9
2025-06-13 14:10:15 configure libtinfo6:amd64 6.2-0ubuntu2 <none>
2025-06-13 14:10:15 status unpacked libtinfo6:amd64 6.2-0ubuntu2
2025-06-13 14:10:15 status half-configured libtinfo6:amd64 6.2-0ubuntu2
2025-06-13 14:10:16 status installed libtinfo6:amd64 6.2-0ubuntu2
2025-06-13 14:10:16 configure bash:amd64 5.0-6ubuntu1 <none>
2025-06-13 14:10:16 status unpacked bash:amd64 5.0-6ubuntu1
2025-06-13 14:10:16 status half-configured bash:amd64 5.0-6ubuntu1
2025-06-13 14:10:16 status installed bash:amd64 5.0-6ubuntu1
2025-06-13 14:10:16 configure libzstd1:amd64 1.4.4+dfsg-3 <none>
2025-06-13 14:10:16 status unpacked libzstd1:amd64 1.4.4+dfsg-3
2025-06-13 14:10:16 status half-configured libzstd1:amd64 1.4.4+dfsg-3
2025-06-13 14:10:16 status installed libzstd1:amd64 1.4.4+dfsg-3
2025-06-13 14:10:16 configure liblzma5:amd64 5.2.4-1 <none>
2025-06-13 14:10:16 status unpacked liblzma5:amd64 5.2.4-1
2025-06-13 14:10:16 status half-configured liblzma5:amd64 5.2.4-1
2025-06-13 14:10:16 status installed liblzma5:amd64 5.2.4-1
2025-06-13 14:10:16 configure libgpg-error0:amd64 1.37-1 <none>
2025-06-13 14:10:16 status unpacked libgpg-error0:amd64 1.37-1
2025-06-13 14:10:16 status half-configured libgpg-error0:amd64 1.37-1
2025-06-13 14:10:16 status installed libgpg-error0:amd64 1.37-1
2025-06-13 14:10:16 configure liblz4-1:amd64 1.9.2-2 <none>
2025-06-13 14:10:16 status unpacked liblz4-1:amd64 1.9.2-2
2025-06-13 14:10:16 status half-configured liblz4-1:amd64 1.9.2-2
2025-06-13 14:10:16 status installed liblz4-1:amd64 1.9.2-2
2025-06-13 14:10:16 configure libc-bin:amd64 2.31-0ubuntu9 <none>
2025-06-13 14:10:16 status unpacked libc-bin:amd64 2.31-0ubuntu9
2025-06-13 14:10:16 status half-configured libc-bin:amd64 2.31-0ubuntu9
2025-06-13 14:10:16 status installed libc-bin:amd64 2.31-0ubuntu9
2025-06-13 14:10:16 configure ncurses-bin:amd64 6.2-0ubuntu2 <none>
2025-06-13 14:10:16 status unpacked ncurses-bin:amd64 6.2-0ubuntu2
2025-06-13 14:10:16 status half-configured ncurses-bin:amd64 6.2-0ubuntu2
2025-06-13 14:10:16 status installed ncurses-bin:amd64 6.2-0ubuntu2
2025-06-13 14:10:16 configure libacl1:amd64 2.2.53-6 <none>
2025-06-13 14:10:16 status triggers-pending libc-bin:amd64 2.31-0ubuntu9
2025-06-13 14:10:16 status unpacked libacl1:amd64 2.2.53-6
2025-06-13 14:10:16 status half-configured libacl1:amd64 2.2.53-6
2025-06-13 14:10:16 status installed libacl1:amd64 2.2.53-6
2025-06-13 14:10:16 configure libsmartcols1:amd64 2.34-0.1ubuntu9 <none>
2025-06-13 14:10:16 status unpacked libsmartcols1:amd64 2.34-0.1ubuntu9
2025-06-13 14:10:16 status half-configured libsmartcols1:amd64 2.34-0.1ubuntu9
2025-06-13 14:10:16 status installed libsmartcols1:amd64 2.34-0.1ubuntu9
2025-06-13 14:10:16 configure libgcrypt20:amd64 1.8.5-5ubuntu1 <none>
2025-06-13 14:10:16 status unpacked libgcrypt20:amd64 1.8.5-5ubuntu1
2025-06-13 14:10:16 status half-configured libgcrypt20:amd64 1.8.5-5ubuntu1
2025-06-13 14:10:16 status installed libgcrypt20:amd64 1.8.5-5ubuntu1
2025-06-13 14:10:16 configure zlib1g:amd64 1:1.2.11.dfsg-2ubuntu1 <none>
2025-06-13 14:10:16 status unpacked zlib1g:amd64 1:1.2.11.dfsg-2ubuntu1
2025-06-13 14:10:16 status half-configured zlib1g:amd64 1:1.2.11.dfsg-2ubuntu1
2025-06-13 14:10:16 status installed zlib1g:amd64 1:1.2.11.dfsg-2ubuntu1
2025-06-13 14:10:16 configure libcom-err2:amd64 1.45.5-2ubuntu1 <none>
2025-06-13 14:10:16 status unpacked libcom-err2:amd64 1.45.5-2ubuntu1
2025-06-13 14:10:16 status half-configured libcom-err2:amd64 1.45.5-2ubuntu1
2025-06-13 14:10:16 status installed libcom-err2:amd64 1.45.5-2ubuntu1
2025-06-13 14:10:16 configure diffutils:amd64 1:3.7-3 <none>
2025-06-13 14:10:16 status unpacked diffutils:amd64 1:3.7-3
2025-06-13 14:10:16 status half-configured diffutils:amd64 1:3.7-3
2025-06-13 14:10:16 status installed diffutils:amd64 1:3.7-3
2025-06-13 14:10:16 configure libsystemd0:amd64 245.4-4ubuntu3 <none>
2025-06-13 14:10:16 status unpacked libsystemd0:amd64 245.4-4ubuntu3
2025-06-13 14:10:16 status half-configured libsystemd0:amd64 245.4-4ubuntu3
2025-06-13 14:10:16 status installed libsystemd0:amd64 245.4-4ubuntu3
2025-06-13 14:10:16 configure hostname:amd64 3.23 <none>
2025-06-13 14:10:16 status unpacked hostname:amd64 3.23
2025-06-13 14:10:16 status half-configured hostname:amd64 3.23
2025-06-13 14:10:16 status installed hostname:amd64 3.23
2025-06-13 14:10:16 configure libpcre3:amd64 2:8.39-12build1 <none>
2025-06-13 14:10:16 status unpacked libpcre3:amd64 2:8.39-12build1
2025-06-13 14:10:16 status half-configured libpcre3:amd64 2:8.39-12build1
2025-06-13 14:10:16 status installed libpcre3:amd64 2:8.39-12build1
2025-06-13 14:10:17 configure libcap-ng0:amd64 0.7.9-2.1build1 <none>
2025-06-13 14:10:17 status unpacked libcap-ng0:amd64 0.7.9-2.1build1
2025-06-13 14:10:17 status half-configured libcap-ng0:amd64 0.7.9-2.1build1
2025-06-13 14:10:17 status installed libcap-ng0:amd64 0.7.9-2.1build1
2025-06-13 14:10:17 configure libext2fs2:amd64 1.45.5-2ubuntu1 <none>
2025-06-13 14:10:17 status unpacked libext2fs2:amd64 1.45.5-2ubuntu1
2025-06-13 14:10:17 status half-configured libext2fs2:amd64 1.45.5-2ubuntu1
2025-06-13 14:10:17 status installed libext2fs2:amd64 1.45.5-2ubuntu1
2025-06-13 14:10:17 configure libncurses6:amd64 6.2-0ubuntu2 <none>
2025-06-13 14:10:17 status unpacked libncurses6:amd64 6.2-0ubuntu2
2025-06-13 14:10:17 status half-configured libncurses6:amd64 6.2-0ubuntu2
2025-06-13 14:10:17 status installed libncurses6:amd64 6.2-0ubuntu2
2025-06-13 14:10:17 configure libaudit1:amd64 1:2.8.5-2ubuntu6 <none>
2025-06-13 14:10:17 status unpacked libaudit1:amd64 1:2.8.5-2ubuntu6
2025-06-13 14:10:17 status half-configured libaudit1:amd64 1:2.8.5-2ubuntu6
2025-06-13 14:10:17 status installed libaudit1:amd64 1:2.8.5-2ubuntu6
2025-06-13 14:10:17 configure libuuid1:amd64 2.34-0.1ubuntu9 <none>
2025-06-13 14:10:17 status unpacked libuuid1:amd64 2.34-0.1ubuntu9
2025-06-13 14:10:17 status half-configured libuuid1:amd64 2.34-0.1ubuntu9
2025-06-13 14:10:17 status installed libuuid1:amd64 2.34-0.1ubuntu9
2025-06-13 14:10:17 configure libss2:amd64 1.45.5-2ubuntu1 <none>
2025-06-13 14:10:17 status unpacked libss2:amd64 1.45.5-2ubuntu1
2025-06-13 14:10:17 status half-configured libss2:amd64 1.45.5-2ubuntu1
2025-06-13 14:10:17 status installed libss2:amd64 1.45.5-2ubuntu1
2025-06-13 14:10:17 configure libpcre2-8-0:amd64 10.34-7 <none>
2025-06-13 14:10:17 status unpacked libpcre2-8-0:amd64 10.34-7
2025-06-13 14:10:17 status half-configured libpcre2-8-0:amd64 10.34-7
2025-06-13 14:10:17 status installed libpcre2-8-0:amd64 10.34-7
2025-06-13 14:10:17 configure libncursesw6:amd64 6.2-0ubuntu2 <none>
2025-06-13 14:10:17 status unpacked libncursesw6:amd64 6.2-0ubuntu2
2025-06-13 14:10:17 status half-configured libncursesw6:amd64 6.2-0ubuntu2
2025-06-13 14:10:17 status installed libncursesw6:amd64 6.2-0ubuntu2
2025-06-13 14:10:17 configure logsave:amd64 1.45.5-2ubuntu1 <none>
2025-06-13 14:10:17 status unpacked logsave:amd64 1.45.5-2ubuntu1
2025-06-13 14:10:17 status half-configured logsave:amd64 1.45.5-2ubuntu1
2025-06-13 14:10:17 status installed logsave:amd64 1.45.5-2ubuntu1
2025-06-13 14:10:17 configure libfdisk1:amd64 2.34-0.1ubuntu9 <none>
2025-06-13 14:10:17 status unpacked libfdisk1:amd64 2.34-0.1ubuntu9
2025-06-13 14:10:17 status half-configured libfdisk1:amd64 2.34-0.1ubuntu9
2025-06-13 14:10:17 status installed libfdisk1:amd64 2.34-0.1ubuntu9
2025-06-13 14:10:17 configure libprocps8:amd64 2:3.3.16-1ubuntu2 <none>
2025-06-13 14:10:17 status unpacked libprocps8:amd64 2:3.3.16-1ubuntu2
2025-06-13 14:10:17 status half-configured libprocps8:amd64 2:3.3.16-1ubuntu2
2025-06-13 14:10:17 status installed libprocps8:amd64 2:3.3.16-1ubuntu2
2025-06-13 14:10:17 configure bsdutils:amd64 1:2.34-0.1ubuntu9 <none>
2025-06-13 14:10:17 status unpacked bsdutils:amd64 1:2.34-0.1ubuntu9
2025-06-13 14:10:17 status half-configured bsdutils:amd64 1:2.34-0.1ubuntu9
2025-06-13 14:10:17 status installed bsdutils:amd64 1:2.34-0.1ubuntu9
2025-06-13 14:10:17 configure e2fsprogs:amd64 1.45.5-2ubuntu1 <none>
2025-06-13 14:10:17 status unpacked e2fsprogs:amd64 1.45.5-2ubuntu1
2025-06-13 14:10:17 status half-configured e2fsprogs:amd64 1.45.5-2ubuntu1
2025-06-13 14:10:17 status installed e2fsprogs:amd64 1.45.5-2ubuntu1
2025-06-13 14:10:17 configure libselinux1:amd64 3.0-1build2 <none>
2025-06-13 14:10:17 status unpacked libselinux1:amd64 3.0-1build2
2025-06-13 14:10:17 status half-configured libselinux1:amd64 3.0-1build2
2025-06-13 14:10:17 status installed libselinux1:amd64 3.0-1build2
2025-06-13 14:10:17 configure sed:amd64 4.7-1 <none>
2025-06-13 14:10:17 status unpacked sed:amd64 4.7-1
2025-06-13 14:10:17 status half-configured sed:amd64 4.7-1
2025-06-13 14:10:17 status installed sed:amd64 4.7-1
2025-06-13 14:10:17 configure findutils:amd64 4.7.0-1ubuntu1 <none>
2025-06-13 14:10:17 status unpacked findutils:amd64 4.7.0-1ubuntu1
2025-06-13 14:10:17 status half-configured findutils:amd64 4.7.0-1ubuntu1
2025-06-13 14:10:17 status installed findutils:amd64 4.7.0-1ubuntu1
2025-06-13 14:10:17 configure libmount1:amd64 2.34-0.1ubuntu9 <none>
2025-06-13 14:10:17 status unpacked libmount1:amd64 2.34-0.1ubuntu9
2025-06-13 14:10:17 status half-configured libmount1:amd64 2.34-0.1ubuntu9
2025-06-13 14:10:17 status installed libmount1:amd64 2.34-0.1ubuntu9
2025-06-13 14:10:17 configure libsemanage1:amd64 3.0-1build2 <none>
2025-06-13 14:10:17 status unpacked libsemanage1:amd64 3.0-1build2
2025-06-13 14:10:17 status half-configured libsemanage1:amd64 3.0-1build2
2025-06-13 14:10:17 status installed libsemanage1:amd64 3.0-1build2
2025-06-13 14:10:17 configure tar:amd64 1.30+dfsg-7 <none>
2025-06-13 14:10:17 status unpacked tar:amd64 1.30+dfsg-7
2025-06-13 14:10:17 status half-configured tar:amd64 1.30+dfsg-7
2025-06-13 14:10:18 status installed tar:amd64 1.30+dfsg-7
2025-06-13 14:10:18 configure coreutils:amd64 8.30-3ubuntu2 <none>
2025-06-13 14:10:18 status unpacked coreutils:amd64 8.30-3ubuntu2
2025-06-13 14:10:18 status half-configured coreutils:amd64 8.30-3ubuntu2
2025-06-13 14:10:18 status installed coreutils:amd64 8.30-3ubuntu2
2025-06-13 14:10:18 configure fdisk:amd64 2.34-0.1ubuntu9 <none>
2025-06-13 14:10:18 status unpacked fdisk:amd64 2.34-0.1ubuntu9
2025-06-13 14:10:18 status half-configured fdisk:amd64 2.34-0.1ubuntu9
2025-06-13 14:10:18 status installed fdisk:amd64 2.34-0.1ubuntu9
2025-06-13 14:10:18 configure dpkg:amd64 1.19.7ubuntu3 <none>
2025-06-13 14:10:18 status unpacked dpkg:amd64 1.19.7ubuntu3
2025-06-13 14:10:18 status half-configured dpkg:amd64 1.19.7ubuntu3
2025-06-13 14:10:18 status installed dpkg:amd64 1.19.7ubuntu3
2025-06-13 14:10:18 configure grep:amd64 3.4-1 <none>
2025-06-13 14:10:18 status unpacked grep:amd64 3.4-1
2025-06-13 14:10:18 status half-configured grep:amd64 3.4-1
2025-06-13 14:10:18 status installed grep:amd64 3.4-1
2025-06-13 14:10:18 configure perl-base:amd64 5.30.0-9build1 <none>
2025-06-13 14:10:18 status unpacked perl-base:amd64 5.30.0-9build1
2025-06-13 14:10:18 status half-configured perl-base:amd64 5.30.0-9build1
2025-06-13 14:10:18 status installed perl-base:amd64 5.30.0-9build1
2025-06-13 14:10:18 configure init-system-helpers:all 1.57 <none>
2025-06-13 14:10:18 status unpacked init-system-helpers:all 1.57
2025-06-13 14:10:18 status half-configured init-system-helpers:all 1.57
2025-06-13 14:10:18 status installed init-system-helpers:all 1.57
2025-06-13 14:10:18 configure gzip:amd64 1.10-0ubuntu4 <none>
2025-06-13 14:10:18 status unpacked gzip:amd64 1.10-0ubuntu4
2025-06-13 14:10:18 status half-configured gzip:amd64 1.10-0ubuntu4
2025-06-13 14:10:18 status installed gzip:amd64 1.10-0ubuntu4
2025-06-13 14:10:18 configure procps:amd64 2:3.3.16-1ubuntu2 <none>
2025-06-13 14:10:18 status unpacked procps:amd64 2:3.3.16-1ubuntu2
2025-06-13 14:10:18 status half-configured procps:amd64 2:3.3.16-1ubuntu2
2025-06-13 14:10:18 status installed procps:amd64 2:3.3.16-1ubuntu2
2025-06-13 14:10:18 configure debconf:all 1.5.73 <none>
2025-06-13 14:10:18 status unpacked debconf:all 1.5.73
2025-06-13 14:10:18 status half-configured debconf:all 1.5.73
2025-06-13 14:10:18 status installed debconf:all 1.5.73
2025-06-13 14:10:18 configure libpam0g:amd64 1.3.1-5ubuntu4 <none>
2025-06-13 14:10:18 status unpacked libpam0g:amd64 1.3.1-5ubuntu4
2025-06-13 14:10:18 status half-configured libpam0g:amd64 1.3.1-5ubuntu4
2025-06-13 14:10:18 status installed libpam0g:amd64 1.3.1-5ubuntu4
2025-06-13 14:10:18 configure dash:amd64 0.5.10.2-6 <none>
2025-06-13 14:10:18 status unpacked dash:amd64 0.5.10.2-6
2025-06-13 14:10:18 status half-configured dash:amd64 0.5.10.2-6
2025-06-13 14:10:19 status installed dash:amd64 0.5.10.2-6
2025-06-13 14:10:19 configure libpam-modules-bin:amd64 1.3.1-5ubuntu4 <none>
2025-06-13 14:10:19 status unpacked libpam-modules-bin:amd64 1.3.1-5ubuntu4
2025-06-13 14:10:19 status half-configured libpam-modules-bin:amd64 1.3.1-5ubuntu4
2025-06-13 14:10:19 status installed libpam-modules-bin:amd64 1.3.1-5ubuntu4
2025-06-13 14:10:19 configure libpam-modules:amd64 1.3.1-5ubuntu4 <none>
2025-06-13 14:10:19 status unpacked libpam-modules:amd64 1.3.1-5ubuntu4
2025-06-13 14:10:19 status half-configured libpam-modules:amd64 1.3.1-5ubuntu4
2025-06-13 14:10:19 status installed libpam-modules:amd64 1.3.1-5ubuntu4
2025-06-13 14:10:19 configure passwd:amd64 1:4.8.1-1ubuntu5 <none>
2025-06-13 14:10:19 status unpacked passwd:amd64 1:4.8.1-1ubuntu5
2025-06-13 14:10:19 status half-configured passwd:amd64 1:4.8.1-1ubuntu5
2025-06-13 14:10:19 status installed passwd:amd64 1:4.8.1-1ubuntu5
2025-06-13 14:10:19 configure libpam-runtime:all 1.3.1-5ubuntu4 <none>
2025-06-13 14:10:19 status unpacked libpam-runtime:all 1.3.1-5ubuntu4
2025-06-13 14:10:19 status half-configured libpam-runtime:all 1.3.1-5ubuntu4
2025-06-13 14:10:19 status installed libpam-runtime:all 1.3.1-5ubuntu4
2025-06-13 14:10:19 configure login:amd64 1:4.8.1-1ubuntu5 <none>
2025-06-13 14:10:19 status unpacked login:amd64 1:4.8.1-1ubuntu5
2025-06-13 14:10:20 status half-configured login:amd64 1:4.8.1-1ubuntu5
2025-06-13 14:10:20 status installed login:amd64 1:4.8.1-1ubuntu5
2025-06-13 14:10:20 configure util-linux:amd64 2.34-0.1ubuntu9 <none>
2025-06-13 14:10:20 status unpacked util-linux:amd64 2.34-0.1ubuntu9
2025-06-13 14:10:20 status half-configured util-linux:amd64 2.34-0.1ubuntu9
2025-06-13 14:10:20 status installed util-linux:amd64 2.34-0.1ubuntu9
2025-06-13 14:10:20 configure mount:amd64 2.34-0.1ubuntu9 <none>
2025-06-13 14:10:20 status unpacked mount:amd64 2.34-0.1ubuntu9
2025-06-13 14:10:20 status half-configured mount:amd64 2.34-0.1ubuntu9
2025-06-13 14:10:20 status installed mount:amd64 2.34-0.1ubuntu9
2025-06-13 14:10:20 configure sysvinit-utils:amd64 2.96-2.1ubuntu1 <none>
2025-06-13 14:10:20 status unpacked sysvinit-utils:amd64 2.96-2.1ubuntu1
2025-06-13 14:10:20 status half-configured sysvinit-utils:amd64 2.96-2.1ubuntu1
2025-06-13 14:10:20 status installed sysvinit-utils:amd64 2.96-2.1ubuntu1
2025-06-13 14:10:20 trigproc libc-bin:amd64 2.31-0ubuntu9 <none>
2025-06-13 14:10:20 status half-configured libc-bin:amd64 2.31-0ubuntu9
2025-06-13 14:10:20 status installed libc-bin:amd64 2.31-0ubuntu9
2025-06-13 14:10:20 startup archives unpack
2025-06-13 14:10:20 install adduser:all <none> 3.118ubuntu2
2025-06-13 14:10:20 status half-installed adduser:all 3.118ubuntu2
2025-06-13 14:10:20 status unpacked adduser:all 3.118ubuntu2
2025-06-13 14:10:21 install apt:amd64 <none> 2.0.2
2025-06-13 14:10:21 status triggers-pending libc-bin:amd64 2.31-0ubuntu9
2025-06-13 14:10:21 status half-installed apt:amd64 2.0.2
2025-06-13 14:10:21 status unpacked apt:amd64 2.0.2
2025-06-13 14:10:21 install gpgv:amd64 <none> 2.2.19-3ubuntu2
2025-06-13 14:10:21 status half-installed gpgv:amd64 2.2.19-3ubuntu2
2025-06-13 14:10:21 status unpacked gpgv:amd64 2.2.19-3ubuntu2
2025-06-13 14:10:21 install libapt-pkg6.0:amd64 <none> 2.0.2
2025-06-13 14:10:21 status half-installed libapt-pkg6.0:amd64 2.0.2
2025-06-13 14:10:21 status unpacked libapt-pkg6.0:amd64 2.0.2
2025-06-13 14:10:22 install libffi7:amd64 <none> 3.3-4
2025-06-13 14:10:22 status half-installed libffi7:amd64 3.3-4
2025-06-13 14:10:22 status unpacked libffi7:amd64 3.3-4
2025-06-13 14:10:22 install libgmp10:amd64 <none> 2:6.2.0+dfsg-4
2025-06-13 14:10:22 status half-installed libgmp10:amd64 2:6.2.0+dfsg-4
2025-06-13 14:10:22 status unpacked libgmp10:amd64 2:6.2.0+dfsg-4
2025-06-13 14:10:22 install libgnutls30:amd64 <none> 3.6.13-2ubuntu1
2025-06-13 14:10:22 status half-installed libgnutls30:amd64 3.6.13-2ubuntu1
2025-06-13 14:10:22 status unpacked libgnutls30:amd64 3.6.13-2ubuntu1
2025-06-13 14:10:22 install libhogweed5:amd64 <none> 3.5.1+really3.5.1-2
2025-06-13 14:10:22 status half-installed libhogweed5:amd64 3.5.1+really3.5.1-2
2025-06-13 14:10:22 status unpacked libhogweed5:amd64 3.5.1+really3.5.1-2
2025-06-13 14:10:22 install libidn2-0:amd64 <none> 2.2.0-2
2025-06-13 14:10:22 status half-installed libidn2-0:amd64 2.2.0-2
2025-06-13 14:10:22 status unpacked libidn2-0:amd64 2.2.0-2
2025-06-13 14:10:22 install libnettle7:amd64 <none> 3.5.1+really3.5.1-2
2025-06-13 14:10:22 status half-installed libnettle7:amd64 3.5.1+really3.5.1-2
2025-06-13 14:10:22 status unpacked libnettle7:amd64 3.5.1+really3.5.1-2
2025-06-13 14:10:22 install libp11-kit0:amd64 <none> 0.23.20-1build1
2025-06-13 14:10:22 status half-installed libp11-kit0:amd64 0.23.20-1build1
2025-06-13 14:10:23 status unpacked libp11-kit0:amd64 0.23.20-1build1
2025-06-13 14:10:23 install libseccomp2:amd64 <none> 2.4.3-1ubuntu1
2025-06-13 14:10:23 status half-installed libseccomp2:amd64 2.4.3-1ubuntu1
2025-06-13 14:10:23 status unpacked libseccomp2:amd64 2.4.3-1ubuntu1
2025-06-13 14:10:23 install libstdc++6:amd64 <none> 10-20200411-0ubuntu1
2025-06-13 14:10:23 status half-installed libstdc++6:amd64 10-20200411-0ubuntu1
2025-06-13 14:10:23 status unpacked libstdc++6:amd64 10-20200411-0ubuntu1
2025-06-13 14:10:23 install libtasn1-6:amd64 <none> 4.16.0-2
2025-06-13 14:10:23 status half-installed libtasn1-6:amd64 4.16.0-2
2025-06-13 14:10:23 status unpacked libtasn1-6:amd64 4.16.0-2
2025-06-13 14:10:23 install libunistring2:amd64 <none> 0.9.10-2
2025-06-13 14:10:23 status half-installed libunistring2:amd64 0.9.10-2
2025-06-13 14:10:23 status unpacked libunistring2:amd64 0.9.10-2
2025-06-13 14:10:23 install ubuntu-keyring:all <none> 2020.02.11.2
2025-06-13 14:10:23 status half-installed ubuntu-keyring:all 2020.02.11.2
2025-06-13 14:10:23 status unpacked ubuntu-keyring:all 2020.02.11.2
2025-06-13 14:10:24 trigproc libc-bin:amd64 2.31-0ubuntu9 <none>
2025-06-13 14:10:24 status half-configured libc-bin:amd64 2.31-0ubuntu9
2025-06-13 14:10:24 status installed libc-bin:amd64 2.31-0ubuntu9
2025-06-13 14:10:24 startup packages configure
2025-06-13 14:10:24 configure adduser:all 3.118ubuntu2 <none>
2025-06-13 14:10:24 status unpacked adduser:all 3.118ubuntu2
2025-06-13 14:10:24 status half-configured adduser:all 3.118ubuntu2
2025-06-13 14:10:24 status installed adduser:all 3.118ubuntu2
2025-06-13 14:10:24 configure libffi7:amd64 3.3-4 <none>
2025-06-13 14:10:24 status triggers-pending libc-bin:amd64 2.31-0ubuntu9
2025-06-13 14:10:24 status unpacked libffi7:amd64 3.3-4
2025-06-13 14:10:24 status half-configured libffi7:amd64 3.3-4
2025-06-13 14:10:24 status installed libffi7:amd64 3.3-4
2025-06-13 14:10:24 configure libunistring2:amd64 0.9.10-2 <none>
2025-06-13 14:10:24 status unpacked libunistring2:amd64 0.9.10-2
2025-06-13 14:10:24 status half-configured libunistring2:amd64 0.9.10-2
2025-06-13 14:10:24 status installed libunistring2:amd64 0.9.10-2
2025-06-13 14:10:24 configure libidn2-0:amd64 2.2.0-2 <none>
2025-06-13 14:10:24 status unpacked libidn2-0:amd64 2.2.0-2
2025-06-13 14:10:24 status half-configured libidn2-0:amd64 2.2.0-2
2025-06-13 14:10:24 status installed libidn2-0:amd64 2.2.0-2
2025-06-13 14:10:24 configure ubuntu-keyring:all 2020.02.11.2 <none>
2025-06-13 14:10:24 status unpacked ubuntu-keyring:all 2020.02.11.2
2025-06-13 14:10:24 status half-configured ubuntu-keyring:all 2020.02.11.2
2025-06-13 14:10:24 status installed ubuntu-keyring:all 2020.02.11.2
2025-06-13 14:10:24 configure libseccomp2:amd64 2.4.3-1ubuntu1 <none>
2025-06-13 14:10:24 status unpacked libseccomp2:amd64 2.4.3-1ubuntu1
2025-06-13 14:10:24 status half-configured libseccomp2:amd64 2.4.3-1ubuntu1
2025-06-13 14:10:24 status installed libseccomp2:amd64 2.4.3-1ubuntu1
2025-06-13 14:10:24 configure libgmp10:amd64 2:6.2.0+dfsg-4 <none>
2025-06-13 14:10:24 status unpacked libgmp10:amd64 2:6.2.0+dfsg-4
2025-06-13 14:10:24 status half-configured libgmp10:amd64 2:6.2.0+dfsg-4
2025-06-13 14:10:24 status installed libgmp10:amd64 2:6.2.0+dfsg-4
2025-06-13 14:10:24 configure libp11-kit0:amd64 0.23.20-1build1 <none>
2025-06-13 14:10:24 status unpacked libp11-kit0:amd64 0.23.20-1build1
2025-06-13 14:10:24 status half-configured libp11-kit0:amd64 0.23.20-1build1
2025-06-13 14:10:24 status installed libp11-kit0:amd64 0.23.20-1build1
2025-06-13 14:10:24 configure libnettle7:amd64 3.5.1+really3.5.1-2 <none>
2025-06-13 14:10:24 status unpacked libnettle7:amd64 3.5.1+really3.5.1-2
2025-06-13 14:10:24 status half-configured libnettle7:amd64 3.5.1+really3.5.1-2
2025-06-13 14:10:24 status installed libnettle7:amd64 3.5.1+really3.5.1-2
2025-06-13 14:10:24 configure gpgv:amd64 2.2.19-3ubuntu2 <none>
2025-06-13 14:10:24 status unpacked gpgv:amd64 2.2.19-3ubuntu2
2025-06-13 14:10:24 status half-configured gpgv:amd64 2.2.19-3ubuntu2
2025-06-13 14:10:24 status installed gpgv:amd64 2.2.19-3ubuntu2
2025-06-13 14:10:24 configure libtasn1-6:amd64 4.16.0-2 <none>
2025-06-13 14:10:24 status unpacked libtasn1-6:amd64 4.16.0-2
2025-06-13 14:10:24 status half-configured libtasn1-6:amd64 4.16.0-2
2025-06-13 14:10:24 status installed libtasn1-6:amd64 4.16.0-2
2025-06-13 14:10:24 configure libstdc++6:amd64 10-20200411-0ubuntu1 <none>
2025-06-13 14:10:24 status unpacked libstdc++6:amd64 10-20200411-0ubuntu1
2025-06-13 14:10:24 status half-configured libstdc++6:amd64 10-20200411-0ubuntu1
2025-06-13 14:10:24 status installed libstdc++6:amd64 10-20200411-0ubuntu1
2025-06-13 14:10:24 configure libhogweed5:amd64 3.5.1+really3.5.1-2 <none>
2025-06-13 14:10:24 status unpacked libhogweed5:amd64 3.5.1+really3.5.1-2
2025-06-13 14:10:24 status half-configured libhogweed5:amd64 3.5.1+really3.5.1-2
2025-06-13 14:10:24 status installed libhogweed5:amd64 3.5.1+really3.5.1-2
2025-06-13 14:10:24 configure libgnutls30:amd64 3.6.13-2ubuntu1 <none>
2025-06-13 14:10:24 status unpacked libgnutls30:amd64 3.6.13-2ubuntu1
2025-06-13 14:10:24 status half-configured libgnutls30:amd64 3.6.13-2ubuntu1
2025-06-13 14:10:24 status installed libgnutls30:amd64 3.6.13-2ubuntu1
2025-06-13 14:10:24 configure libapt-pkg6.0:amd64 2.0.2 <none>
2025-06-13 14:10:24 status unpacked libapt-pkg6.0:amd64 2.0.2
2025-06-13 14:10:24 status half-configured libapt-pkg6.0:amd64 2.0.2
2025-06-13 14:10:24 status installed libapt-pkg6.0:amd64 2.0.2
2025-06-13 14:10:24 configure apt:amd64 2.0.2 <none>
2025-06-13 14:10:24 status unpacked apt:amd64 2.0.2
2025-06-13 14:10:24 status half-configured apt:amd64 2.0.2
2025-06-13 14:10:25 status installed apt:amd64 2.0.2
2025-06-13 14:10:25 trigproc libc-bin:amd64 2.31-0ubuntu9 <none>
2025-06-13 14:10:25 status half-configured libc-bin:amd64 2.31-0ubuntu9
2025-06-13 14:10:25 status installed libc-bin:amd64 2.31-0ubuntu9
