gpgv: Signature made Thu Apr 25 15:11:21 2024 UTC
gpgv:                using RSA key F6ECB3762474EDA9D21B7022871920D1991BC93C
gpgv: Good signature from "Ubuntu Archive Automatic Signing Key (2018) <ftpmaster@ubuntu.com>"
2025-06-13 13:07:19 URL:http://archive.ubuntu.com/ubuntu/dists/noble/main/binary-amd64/by-hash/SHA256/2a6a199e1031a5c279cb346646d594993f35b1c03dd4a82aaa0323980dd92451 [1401160/1401160] -> "/home/azureuser/RustBox/rootfs/lowerdir/var/lib/apt/lists/partial/archive.ubuntu.com_ubuntu_dists_noble_main_binary-amd64_Packages.xz" [1]
2025-06-13 13:07:20 URL:http://archive.ubuntu.com/ubuntu/pool/main/a/adduser/adduser_3.137ubuntu1_all.deb [100872/100872] -> "/home/azureuser/RustBox/rootfs/lowerdir//var/cache/apt/archives/partial/adduser_3.137ubuntu1_all.deb" [1]
2025-06-13 13:07:20 URL:http://archive.ubuntu.com/ubuntu/pool/main/a/apt/apt_2.7.14build2_amd64.deb [1374960/1374960] -> "/home/azureuser/RustBox/rootfs/lowerdir//var/cache/apt/archives/partial/apt_2.7.14build2_amd64.deb" [1]
2025-06-13 13:07:20 URL:http://archive.ubuntu.com/ubuntu/pool/main/a/apt/apt-utils_2.7.14build2_amd64.deb [217106/217106] -> "/home/azureuser/RustBox/rootfs/lowerdir//var/cache/apt/archives/partial/apt-utils_2.7.14build2_amd64.deb" [1]
2025-06-13 13:07:21 URL:http://archive.ubuntu.com/ubuntu/pool/main/b/base-files/base-files_13ubuntu10_amd64.deb [73634/73634] -> "/home/azureuser/RustBox/rootfs/lowerdir//var/cache/apt/archives/partial/base-files_13ubuntu10_amd64.deb" [1]
2025-06-13 13:07:21 URL:http://archive.ubuntu.com/ubuntu/pool/main/b/base-passwd/base-passwd_3.6.3build1_amd64.deb [51060/51060] -> "/home/azureuser/RustBox/rootfs/lowerdir//var/cache/apt/archives/partial/base-passwd_3.6.3build1_amd64.deb" [1]
2025-06-13 13:07:21 URL:http://archive.ubuntu.com/ubuntu/pool/main/b/bash/bash_5.2.21-2ubuntu4_amd64.deb [794086/794086] -> "/home/azureuser/RustBox/rootfs/lowerdir//var/cache/apt/archives/partial/bash_5.2.21-2ubuntu4_amd64.deb" [1]
2025-06-13 13:07:21 URL:http://archive.ubuntu.com/ubuntu/pool/main/u/util-linux/bsdutils_2.39.3-9ubuntu6_amd64.deb [94968/94968] -> "/home/azureuser/RustBox/rootfs/lowerdir//var/cache/apt/archives/partial/bsdutils_1%3a2.39.3-9ubuntu6_amd64.deb" [1]
2025-06-13 13:07:21 URL:http://archive.ubuntu.com/ubuntu/pool/main/c/ca-certificates/ca-certificates_20240203_all.deb [159378/159378] -> "/home/azureuser/RustBox/rootfs/lowerdir//var/cache/apt/archives/partial/ca-certificates_20240203_all.deb" [1]
2025-06-13 13:07:22 URL:http://archive.ubuntu.com/ubuntu/pool/main/c/console-setup/console-setup_1.226ubuntu1_all.deb [109854/109854] -> "/home/azureuser/RustBox/rootfs/lowerdir//var/cache/apt/archives/partial/console-setup_1.226ubuntu1_all.deb" [1]
2025-06-13 13:07:22 URL:http://archive.ubuntu.com/ubuntu/pool/main/c/console-setup/console-setup-linux_1.226ubuntu1_all.deb [1880202/1880202] -> "/home/azureuser/RustBox/rootfs/lowerdir//var/cache/apt/archives/partial/console-setup-linux_1.226ubuntu1_all.deb" [1]
2025-06-13 13:07:22 URL:http://archive.ubuntu.com/ubuntu/pool/main/c/coreutils/coreutils_9.4-3ubuntu6_amd64.deb [1412418/1412418] -> "/home/azureuser/RustBox/rootfs/lowerdir//var/cache/apt/archives/partial/coreutils_9.4-3ubuntu6_amd64.deb" [1]
2025-06-13 13:07:22 URL:http://archive.ubuntu.com/ubuntu/pool/main/c/cron/cron_3.0pl1-184ubuntu2_amd64.deb [85350/85350] -> "/home/azureuser/RustBox/rootfs/lowerdir//var/cache/apt/archives/partial/cron_3.0pl1-184ubuntu2_amd64.deb" [1]
2025-06-13 13:07:23 URL:http://archive.ubuntu.com/ubuntu/pool/main/c/cron/cron-daemon-common_3.0pl1-184ubuntu2_all.deb [13578/13578] -> "/home/azureuser/RustBox/rootfs/lowerdir//var/cache/apt/archives/partial/cron-daemon-common_3.0pl1-184ubuntu2_all.deb" [1]
2025-06-13 13:07:23 URL:http://archive.ubuntu.com/ubuntu/pool/main/d/dash/dash_0.5.12-6ubuntu5_amd64.deb [89836/89836] -> "/home/azureuser/RustBox/rootfs/lowerdir//var/cache/apt/archives/partial/dash_0.5.12-6ubuntu5_amd64.deb" [1]
2025-06-13 13:07:23 URL:http://archive.ubuntu.com/ubuntu/pool/main/d/dbus/dbus_1.14.10-4ubuntu4_amd64.deb [24314/24314] -> "/home/azureuser/RustBox/rootfs/lowerdir//var/cache/apt/archives/partial/dbus_1.14.10-4ubuntu4_amd64.deb" [1]
2025-06-13 13:07:23 URL:http://archive.ubuntu.com/ubuntu/pool/main/d/dbus/dbus-bin_1.14.10-4ubuntu4_amd64.deb [39312/39312] -> "/home/azureuser/RustBox/rootfs/lowerdir//var/cache/apt/archives/partial/dbus-bin_1.14.10-4ubuntu4_amd64.deb" [1]
2025-06-13 13:07:23 URL:http://archive.ubuntu.com/ubuntu/pool/main/d/dbus/dbus-daemon_1.14.10-4ubuntu4_amd64.deb [118166/118166] -> "/home/azureuser/RustBox/rootfs/lowerdir//var/cache/apt/archives/partial/dbus-daemon_1.14.10-4ubuntu4_amd64.deb" [1]
2025-06-13 13:07:23 URL:http://archive.ubuntu.com/ubuntu/pool/main/d/dbus/dbus-session-bus-common_1.14.10-4ubuntu4_all.deb [80354/80354] -> "/home/azureuser/RustBox/rootfs/lowerdir//var/cache/apt/archives/partial/dbus-session-bus-common_1.14.10-4ubuntu4_all.deb" [1]
2025-06-13 13:07:24 URL:http://archive.ubuntu.com/ubuntu/pool/main/d/dbus/dbus-system-bus-common_1.14.10-4ubuntu4_all.deb [81558/81558] -> "/home/azureuser/RustBox/rootfs/lowerdir//var/cache/apt/archives/partial/dbus-system-bus-common_1.14.10-4ubuntu4_all.deb" [1]
2025-06-13 13:07:24 URL:http://archive.ubuntu.com/ubuntu/pool/main/d/dbus/dbus-user-session_1.14.10-4ubuntu4_amd64.deb [9960/9960] -> "/home/azureuser/RustBox/rootfs/lowerdir//var/cache/apt/archives/partial/dbus-user-session_1.14.10-4ubuntu4_amd64.deb" [1]
2025-06-13 13:07:24 URL:http://archive.ubuntu.com/ubuntu/pool/main/d/debconf/debconf_1.5.86ubuntu1_all.deb [124096/124096] -> "/home/azureuser/RustBox/rootfs/lowerdir//var/cache/apt/archives/partial/debconf_1.5.86ubuntu1_all.deb" [1]
2025-06-13 13:07:25 URL:http://archive.ubuntu.com/ubuntu/pool/main/d/debconf/debconf-i18n_1.5.86ubuntu1_all.deb [204734/204734] -> "/home/azureuser/RustBox/rootfs/lowerdir//var/cache/apt/archives/partial/debconf-i18n_1.5.86ubuntu1_all.deb" [1]
2025-06-13 13:07:25 URL:http://archive.ubuntu.com/ubuntu/pool/main/d/debianutils/debianutils_5.17build1_amd64.deb [89890/89890] -> "/home/azureuser/RustBox/rootfs/lowerdir//var/cache/apt/archives/partial/debianutils_5.17build1_amd64.deb" [1]
2025-06-13 13:07:25 URL:http://archive.ubuntu.com/ubuntu/pool/main/d/dhcpcd/dhcpcd-base_10.0.6-1ubuntu3_amd64.deb [214912/214912] -> "/home/azureuser/RustBox/rootfs/lowerdir//var/cache/apt/archives/partial/dhcpcd-base_1%3a10.0.6-1ubuntu3_amd64.deb" [1]
2025-06-13 13:07:25 URL:http://archive.ubuntu.com/ubuntu/pool/main/d/diffutils/diffutils_3.10-1build1_amd64.deb [176846/176846] -> "/home/azureuser/RustBox/rootfs/lowerdir//var/cache/apt/archives/partial/diffutils_1%3a3.10-1build1_amd64.deb" [1]
2025-06-13 13:07:26 URL:http://archive.ubuntu.com/ubuntu/pool/main/d/distro-info/distro-info_1.7build1_amd64.deb [19874/19874] -> "/home/azureuser/RustBox/rootfs/lowerdir//var/cache/apt/archives/partial/distro-info_1.7build1_amd64.deb" [1]
2025-06-13 13:07:26 URL:http://archive.ubuntu.com/ubuntu/pool/main/d/distro-info-data/distro-info-data_0.60_all.deb [6336/6336] -> "/home/azureuser/RustBox/rootfs/lowerdir//var/cache/apt/archives/partial/distro-info-data_0.60_all.deb" [1]
2025-06-13 13:07:26 URL:http://archive.ubuntu.com/ubuntu/pool/main/l/lvm2/dmsetup_1.02.185-3ubuntu3_amd64.deb [79174/79174] -> "/home/azureuser/RustBox/rootfs/lowerdir//var/cache/apt/archives/partial/dmsetup_2%3a1.02.185-3ubuntu3_amd64.deb" [1]
2025-06-13 13:07:26 URL:http://archive.ubuntu.com/ubuntu/pool/main/d/dpkg/dpkg_1.22.6ubuntu6_amd64.deb [1283368/1283368] -> "/home/azureuser/RustBox/rootfs/lowerdir//var/cache/apt/archives/partial/dpkg_1.22.6ubuntu6_amd64.deb" [1]
2025-06-13 13:07:26 URL:http://archive.ubuntu.com/ubuntu/pool/main/e/e2fsprogs/e2fsprogs_1.47.0-2.4~exp1ubuntu4_amd64.deb [600734/600734] -> "/home/azureuser/RustBox/rootfs/lowerdir//var/cache/apt/archives/partial/e2fsprogs_1.47.0-2.4~exp1ubuntu4_amd64.deb" [1]
2025-06-13 13:07:26 URL:http://archive.ubuntu.com/ubuntu/pool/main/u/util-linux/eject_2.39.3-9ubuntu6_amd64.deb [26272/26272] -> "/home/azureuser/RustBox/rootfs/lowerdir//var/cache/apt/archives/partial/eject_2.39.3-9ubuntu6_amd64.deb" [1]
2025-06-13 13:07:27 URL:http://archive.ubuntu.com/ubuntu/pool/main/f/findutils/findutils_4.9.0-5build1_amd64.deb [298296/298296] -> "/home/azureuser/RustBox/rootfs/lowerdir//var/cache/apt/archives/partial/findutils_4.9.0-5build1_amd64.deb" [1]
2025-06-13 13:07:27 URL:http://archive.ubuntu.com/ubuntu/pool/main/g/gcc-14/gcc-14-base_14-20240412-0ubuntu1_amd64.deb [47612/47612] -> "/home/azureuser/RustBox/rootfs/lowerdir//var/cache/apt/archives/partial/gcc-14-base_14-20240412-0ubuntu1_amd64.deb" [1]
2025-06-13 13:07:27 URL:http://archive.ubuntu.com/ubuntu/pool/main/g/gobject-introspection/gir1.2-girepository-2.0_1.80.1-1_amd64.deb [24530/24530] -> "/home/azureuser/RustBox/rootfs/lowerdir//var/cache/apt/archives/partial/gir1.2-girepository-2.0_1.80.1-1_amd64.deb" [1]
2025-06-13 13:07:28 URL:http://archive.ubuntu.com/ubuntu/pool/main/g/glib2.0/gir1.2-glib-2.0_2.80.0-6ubuntu1_amd64.deb [183276/183276] -> "/home/azureuser/RustBox/rootfs/lowerdir//var/cache/apt/archives/partial/gir1.2-glib-2.0_2.80.0-6ubuntu1_amd64.deb" [1]
2025-06-13 13:07:28 URL:http://archive.ubuntu.com/ubuntu/pool/main/g/gnupg2/gpgv_2.4.4-2ubuntu17_amd64.deb [157184/157184] -> "/home/azureuser/RustBox/rootfs/lowerdir//var/cache/apt/archives/partial/gpgv_2.4.4-2ubuntu17_amd64.deb" [1]
2025-06-13 13:07:28 URL:http://archive.ubuntu.com/ubuntu/pool/main/g/grep/grep_3.11-4build1_amd64.deb [162040/162040] -> "/home/azureuser/RustBox/rootfs/lowerdir//var/cache/apt/archives/partial/grep_3.11-4build1_amd64.deb" [1]
2025-06-13 13:07:29 URL:http://archive.ubuntu.com/ubuntu/pool/main/g/gzip/gzip_1.12-1ubuntu3_amd64.deb [98850/98850] -> "/home/azureuser/RustBox/rootfs/lowerdir//var/cache/apt/archives/partial/gzip_1.12-1ubuntu3_amd64.deb" [1]
2025-06-13 13:07:29 URL:http://archive.ubuntu.com/ubuntu/pool/main/h/hostname/hostname_3.23+nmu2ubuntu2_amd64.deb [11058/11058] -> "/home/azureuser/RustBox/rootfs/lowerdir//var/cache/apt/archives/partial/hostname_3.23+nmu2ubuntu2_amd64.deb" [1]
2025-06-13 13:07:29 URL:http://archive.ubuntu.com/ubuntu/pool/main/i/init-system-helpers/init_1.66ubuntu1_amd64.deb [6186/6186] -> "/home/azureuser/RustBox/rootfs/lowerdir//var/cache/apt/archives/partial/init_1.66ubuntu1_amd64.deb" [1]
2025-06-13 13:07:29 URL:http://archive.ubuntu.com/ubuntu/pool/main/i/init-system-helpers/init-system-helpers_1.66ubuntu1_all.deb [39402/39402] -> "/home/azureuser/RustBox/rootfs/lowerdir//var/cache/apt/archives/partial/init-system-helpers_1.66ubuntu1_all.deb" [1]
2025-06-13 13:07:30 URL:http://archive.ubuntu.com/ubuntu/pool/main/i/iproute2/iproute2_6.1.0-1ubuntu6_amd64.deb [1120372/1120372] -> "/home/azureuser/RustBox/rootfs/lowerdir//var/cache/apt/archives/partial/iproute2_6.1.0-1ubuntu6_amd64.deb" [1]
2025-06-13 13:07:30 URL:http://archive.ubuntu.com/ubuntu/pool/main/i/iputils/iputils-ping_20240117-1build1_amd64.deb [44254/44254] -> "/home/azureuser/RustBox/rootfs/lowerdir//var/cache/apt/archives/partial/iputils-ping_3%3a20240117-1build1_amd64.deb" [1]
2025-06-13 13:07:31 URL:http://archive.ubuntu.com/ubuntu/pool/main/i/iso-codes/iso-codes_4.16.0-1_all.deb [3491500/3491500] -> "/home/azureuser/RustBox/rootfs/lowerdir//var/cache/apt/archives/partial/iso-codes_4.16.0-1_all.deb" [1]
2025-06-13 13:07:32 URL:http://archive.ubuntu.com/ubuntu/pool/main/k/kbd/kbd_2.6.4-2ubuntu2_amd64.deb [241220/241220] -> "/home/azureuser/RustBox/rootfs/lowerdir//var/cache/apt/archives/partial/kbd_2.6.4-2ubuntu2_amd64.deb" [1]
2025-06-13 13:07:32 URL:http://archive.ubuntu.com/ubuntu/pool/main/c/console-setup/keyboard-configuration_1.226ubuntu1_all.deb [211794/211794] -> "/home/azureuser/RustBox/rootfs/lowerdir//var/cache/apt/archives/partial/keyboard-configuration_1.226ubuntu1_all.deb" [1]
2025-06-13 13:07:32 URL:http://archive.ubuntu.com/ubuntu/pool/main/k/kmod/kmod_31+20240202-2ubuntu7_amd64.deb [101476/101476] -> "/home/azureuser/RustBox/rootfs/lowerdir//var/cache/apt/archives/partial/kmod_31+20240202-2ubuntu7_amd64.deb" [1]
2025-06-13 13:07:32 URL:http://archive.ubuntu.com/ubuntu/pool/main/k/krb5/krb5-locales_1.20.1-6ubuntu2_all.deb [13830/13830] -> "/home/azureuser/RustBox/rootfs/lowerdir//var/cache/apt/archives/partial/krb5-locales_1.20.1-6ubuntu2_all.deb" [1]
2025-06-13 13:07:32 URL:http://archive.ubuntu.com/ubuntu/pool/main/l/less/less_590-2ubuntu2_amd64.deb [141298/141298] -> "/home/azureuser/RustBox/rootfs/lowerdir//var/cache/apt/archives/partial/less_590-2ubuntu2_amd64.deb" [1]
2025-06-13 13:07:33 URL:http://archive.ubuntu.com/ubuntu/pool/main/a/acl/libacl1_2.3.2-1build1_amd64.deb [16794/16794] -> "/home/azureuser/RustBox/rootfs/lowerdir//var/cache/apt/archives/partial/libacl1_2.3.2-1build1_amd64.deb" [1]
2025-06-13 13:07:33 URL:http://archive.ubuntu.com/ubuntu/pool/main/a/apparmor/libapparmor1_4.0.0-beta3-0ubuntu3_amd64.deb [49484/49484] -> "/home/azureuser/RustBox/rootfs/lowerdir//var/cache/apt/archives/partial/libapparmor1_4.0.0-beta3-0ubuntu3_amd64.deb" [1]
2025-06-13 13:07:33 URL:http://archive.ubuntu.com/ubuntu/pool/main/a/apt/libapt-pkg6.0t64_2.7.14build2_amd64.deb [985310/985310] -> "/home/azureuser/RustBox/rootfs/lowerdir//var/cache/apt/archives/partial/libapt-pkg6.0t64_2.7.14build2_amd64.deb" [1]
2025-06-13 13:07:33 URL:http://archive.ubuntu.com/ubuntu/pool/main/a/argon2/libargon2-1_0~20190702+dfsg-4build1_amd64.deb [20824/20824] -> "/home/azureuser/RustBox/rootfs/lowerdir//var/cache/apt/archives/partial/libargon2-1_0~20190702+dfsg-4build1_amd64.deb" [1]
2025-06-13 13:07:34 URL:http://archive.ubuntu.com/ubuntu/pool/main/liba/libassuan/libassuan0_2.5.6-1build1_amd64.deb [37256/37256] -> "/home/azureuser/RustBox/rootfs/lowerdir//var/cache/apt/archives/partial/libassuan0_2.5.6-1build1_amd64.deb" [1]
2025-06-13 13:07:34 URL:http://archive.ubuntu.com/ubuntu/pool/main/l/linux-atm/libatm1t64_2.5.1-5.1build1_amd64.deb [22860/22860] -> "/home/azureuser/RustBox/rootfs/lowerdir//var/cache/apt/archives/partial/libatm1t64_1%3a2.5.1-5.1build1_amd64.deb" [1]
2025-06-13 13:07:34 URL:http://archive.ubuntu.com/ubuntu/pool/main/a/attr/libattr1_2.5.2-1build1_amd64.deb [11326/11326] -> "/home/azureuser/RustBox/rootfs/lowerdir//var/cache/apt/archives/partial/libattr1_1%3a2.5.2-1build1_amd64.deb" [1]
2025-06-13 13:07:34 URL:http://archive.ubuntu.com/ubuntu/pool/main/a/audit/libaudit-common_3.1.2-2.1build1_all.deb [5736/5736] -> "/home/azureuser/RustBox/rootfs/lowerdir//var/cache/apt/archives/partial/libaudit-common_1%3a3.1.2-2.1build1_all.deb" [1]
2025-06-13 13:07:35 URL:http://archive.ubuntu.com/ubuntu/pool/main/a/audit/libaudit1_3.1.2-2.1build1_amd64.deb [46880/46880] -> "/home/azureuser/RustBox/rootfs/lowerdir//var/cache/apt/archives/partial/libaudit1_1%3a3.1.2-2.1build1_amd64.deb" [1]
2025-06-13 13:07:35 URL:http://archive.ubuntu.com/ubuntu/pool/main/u/util-linux/libblkid1_2.39.3-9ubuntu6_amd64.deb [122562/122562] -> "/home/azureuser/RustBox/rootfs/lowerdir//var/cache/apt/archives/partial/libblkid1_2.39.3-9ubuntu6_amd64.deb" [1]
2025-06-13 13:07:36 URL:http://archive.ubuntu.com/ubuntu/pool/main/libb/libbpf/libbpf1_1.3.0-2build2_amd64.deb [165734/165734] -> "/home/azureuser/RustBox/rootfs/lowerdir//var/cache/apt/archives/partial/libbpf1_1%3a1.3.0-2build2_amd64.deb" [1]
2025-06-13 13:07:36 URL:http://archive.ubuntu.com/ubuntu/pool/main/libb/libbsd/libbsd0_0.12.1-1build1_amd64.deb [41194/41194] -> "/home/azureuser/RustBox/rootfs/lowerdir//var/cache/apt/archives/partial/libbsd0_0.12.1-1build1_amd64.deb" [1]
2025-06-13 13:07:36 URL:http://archive.ubuntu.com/ubuntu/pool/main/b/bzip2/libbz2-1.0_1.0.8-5.1_amd64.deb [34260/34260] -> "/home/azureuser/RustBox/rootfs/lowerdir//var/cache/apt/archives/partial/libbz2-1.0_1.0.8-5.1_amd64.deb" [1]
2025-06-13 13:07:36 URL:http://archive.ubuntu.com/ubuntu/pool/main/g/glibc/libc-bin_2.39-0ubuntu8_amd64.deb [681940/681940] -> "/home/azureuser/RustBox/rootfs/lowerdir//var/cache/apt/archives/partial/libc-bin_2.39-0ubuntu8_amd64.deb" [1]
2025-06-13 13:07:37 URL:http://archive.ubuntu.com/ubuntu/pool/main/g/glibc/libc6_2.39-0ubuntu8_amd64.deb [3264806/3264806] -> "/home/azureuser/RustBox/rootfs/lowerdir//var/cache/apt/archives/partial/libc6_2.39-0ubuntu8_amd64.deb" [1]
2025-06-13 13:07:37 URL:http://archive.ubuntu.com/ubuntu/pool/main/libc/libcap-ng/libcap-ng0_0.8.4-2build2_amd64.deb [15180/15180] -> "/home/azureuser/RustBox/rootfs/lowerdir//var/cache/apt/archives/partial/libcap-ng0_0.8.4-2build2_amd64.deb" [1]
2025-06-13 13:07:37 URL:http://archive.ubuntu.com/ubuntu/pool/main/libc/libcap2/libcap2_2.66-5ubuntu2_amd64.deb [29998/29998] -> "/home/azureuser/RustBox/rootfs/lowerdir//var/cache/apt/archives/partial/libcap2_1%3a2.66-5ubuntu2_amd64.deb" [1]
2025-06-13 13:07:37 URL:http://archive.ubuntu.com/ubuntu/pool/main/libc/libcap2/libcap2-bin_2.66-5ubuntu2_amd64.deb [34472/34472] -> "/home/azureuser/RustBox/rootfs/lowerdir//var/cache/apt/archives/partial/libcap2-bin_1%3a2.66-5ubuntu2_amd64.deb" [1]
2025-06-13 13:07:37 URL:http://archive.ubuntu.com/ubuntu/pool/main/e/e2fsprogs/libcom-err2_1.47.0-2.4~exp1ubuntu4_amd64.deb [22808/22808] -> "/home/azureuser/RustBox/rootfs/lowerdir//var/cache/apt/archives/partial/libcom-err2_1.47.0-2.4~exp1ubuntu4_amd64.deb" [1]
2025-06-13 13:07:37 URL:http://archive.ubuntu.com/ubuntu/pool/main/libx/libxcrypt/libcrypt1_4.4.36-4build1_amd64.deb [82302/82302] -> "/home/azureuser/RustBox/rootfs/lowerdir//var/cache/apt/archives/partial/libcrypt1_1%3a4.4.36-4build1_amd64.deb" [1]
2025-06-13 13:07:38 URL:http://archive.ubuntu.com/ubuntu/pool/main/c/cryptsetup/libcryptsetup12_2.7.0-1ubuntu4_amd64.deb [265966/265966] -> "/home/azureuser/RustBox/rootfs/lowerdir//var/cache/apt/archives/partial/libcryptsetup12_2%3a2.7.0-1ubuntu4_amd64.deb" [1]
2025-06-13 13:07:39 URL:http://archive.ubuntu.com/ubuntu/pool/main/d/db5.3/libdb5.3t64_5.3.28+dfsg2-7_amd64.deb [734100/734100] -> "/home/azureuser/RustBox/rootfs/lowerdir//var/cache/apt/archives/partial/libdb5.3t64_5.3.28+dfsg2-7_amd64.deb" [1]
2025-06-13 13:07:39 URL:http://archive.ubuntu.com/ubuntu/pool/main/d/dbus/libdbus-1-3_1.14.10-4ubuntu4_amd64.deb [209620/209620] -> "/home/azureuser/RustBox/rootfs/lowerdir//var/cache/apt/archives/partial/libdbus-1-3_1.14.10-4ubuntu4_amd64.deb" [1]
2025-06-13 13:07:39 URL:http://archive.ubuntu.com/ubuntu/pool/main/c/cdebconf/libdebconfclient0_0.271ubuntu3_amd64.deb [11398/11398] -> "/home/azureuser/RustBox/rootfs/lowerdir//var/cache/apt/archives/partial/libdebconfclient0_0.271ubuntu3_amd64.deb" [1]
2025-06-13 13:07:39 URL:http://archive.ubuntu.com/ubuntu/pool/main/l/lvm2/libdevmapper1.02.1_1.02.185-3ubuntu3_amd64.deb [139008/139008] -> "/home/azureuser/RustBox/rootfs/lowerdir//var/cache/apt/archives/partial/libdevmapper1.02.1_2%3a1.02.185-3ubuntu3_amd64.deb" [1]
2025-06-13 13:07:40 URL:http://archive.ubuntu.com/ubuntu/pool/main/e/elfutils/libelf1t64_0.190-1.1build4_amd64.deb [57594/57594] -> "/home/azureuser/RustBox/rootfs/lowerdir//var/cache/apt/archives/partial/libelf1t64_0.190-1.1build4_amd64.deb" [1]
2025-06-13 13:07:40 URL:http://archive.ubuntu.com/ubuntu/pool/main/libe/libestr/libestr0_0.1.11-1build1_amd64.deb [7802/7802] -> "/home/azureuser/RustBox/rootfs/lowerdir//var/cache/apt/archives/partial/libestr0_0.1.11-1build1_amd64.deb" [1]
2025-06-13 13:07:40 URL:http://archive.ubuntu.com/ubuntu/pool/main/e/expat/libexpat1_2.6.1-2build1_amd64.deb [86992/86992] -> "/home/azureuser/RustBox/rootfs/lowerdir//var/cache/apt/archives/partial/libexpat1_2.6.1-2build1_amd64.deb" [1]
2025-06-13 13:07:40 URL:http://archive.ubuntu.com/ubuntu/pool/main/e/e2fsprogs/libext2fs2t64_1.47.0-2.4~exp1ubuntu4_amd64.deb [221550/221550] -> "/home/azureuser/RustBox/rootfs/lowerdir//var/cache/apt/archives/partial/libext2fs2t64_1.47.0-2.4~exp1ubuntu4_amd64.deb" [1]
2025-06-13 13:07:41 URL:http://archive.ubuntu.com/ubuntu/pool/main/libf/libfastjson/libfastjson4_1.2304.0-1build1_amd64.deb [23106/23106] -> "/home/azureuser/RustBox/rootfs/lowerdir//var/cache/apt/archives/partial/libfastjson4_1.2304.0-1build1_amd64.deb" [1]
2025-06-13 13:07:41 URL:http://archive.ubuntu.com/ubuntu/pool/main/u/util-linux/libfdisk1_2.39.3-9ubuntu6_amd64.deb [146342/146342] -> "/home/azureuser/RustBox/rootfs/lowerdir//var/cache/apt/archives/partial/libfdisk1_2.39.3-9ubuntu6_amd64.deb" [1]
2025-06-13 13:07:41 URL:http://archive.ubuntu.com/ubuntu/pool/main/libf/libffi/libffi8_3.4.6-1build1_amd64.deb [24718/24718] -> "/home/azureuser/RustBox/rootfs/lowerdir//var/cache/apt/archives/partial/libffi8_3.4.6-1build1_amd64.deb" [1]
2025-06-13 13:07:41 URL:http://archive.ubuntu.com/ubuntu/pool/main/f/fribidi/libfribidi0_1.0.13-3build1_amd64.deb [26150/26150] -> "/home/azureuser/RustBox/rootfs/lowerdir//var/cache/apt/archives/partial/libfribidi0_1.0.13-3build1_amd64.deb" [1]
2025-06-13 13:07:41 URL:http://archive.ubuntu.com/ubuntu/pool/main/g/gcc-14/libgcc-s1_14-20240412-0ubuntu1_amd64.deb [78484/78484] -> "/home/azureuser/RustBox/rootfs/lowerdir//var/cache/apt/archives/partial/libgcc-s1_14-20240412-0ubuntu1_amd64.deb" [1]
2025-06-13 13:07:41 URL:http://archive.ubuntu.com/ubuntu/pool/main/libg/libgcrypt20/libgcrypt20_1.10.3-2build1_amd64.deb [532180/532180] -> "/home/azureuser/RustBox/rootfs/lowerdir//var/cache/apt/archives/partial/libgcrypt20_1.10.3-2build1_amd64.deb" [1]
2025-06-13 13:07:42 URL:http://archive.ubuntu.com/ubuntu/pool/main/g/gobject-introspection/libgirepository-1.0-1_1.80.1-1_amd64.deb [81920/81920] -> "/home/azureuser/RustBox/rootfs/lowerdir//var/cache/apt/archives/partial/libgirepository-1.0-1_1.80.1-1_amd64.deb" [1]
2025-06-13 13:07:42 URL:http://archive.ubuntu.com/ubuntu/pool/main/g/glib2.0/libglib2.0-0t64_2.80.0-6ubuntu1_amd64.deb [1302150/1302150] -> "/home/azureuser/RustBox/rootfs/lowerdir//var/cache/apt/archives/partial/libglib2.0-0t64_2.80.0-6ubuntu1_amd64.deb" [1]
2025-06-13 13:07:43 URL:http://archive.ubuntu.com/ubuntu/pool/main/g/glib2.0/libglib2.0-data_2.80.0-6ubuntu1_all.deb [48108/48108] -> "/home/azureuser/RustBox/rootfs/lowerdir//var/cache/apt/archives/partial/libglib2.0-data_2.80.0-6ubuntu1_all.deb" [1]
2025-06-13 13:07:43 URL:http://archive.ubuntu.com/ubuntu/pool/main/g/gmp/libgmp10_6.3.0+dfsg-2ubuntu6_amd64.deb [253448/253448] -> "/home/azureuser/RustBox/rootfs/lowerdir//var/cache/apt/archives/partial/libgmp10_2%3a6.3.0+dfsg-2ubuntu6_amd64.deb" [1]
2025-06-13 13:07:44 URL:http://archive.ubuntu.com/ubuntu/pool/main/g/gnutls28/libgnutls30t64_3.8.3-1.1ubuntu3_amd64.deb [998156/998156] -> "/home/azureuser/RustBox/rootfs/lowerdir//var/cache/apt/archives/partial/libgnutls30t64_3.8.3-1.1ubuntu3_amd64.deb" [1]
2025-06-13 13:07:44 URL:http://archive.ubuntu.com/ubuntu/pool/main/libg/libgpg-error/libgpg-error0_1.47-3build2_amd64.deb [69990/69990] -> "/home/azureuser/RustBox/rootfs/lowerdir//var/cache/apt/archives/partial/libgpg-error0_1.47-3build2_amd64.deb" [1]
2025-06-13 13:07:44 URL:http://archive.ubuntu.com/ubuntu/pool/main/k/krb5/libgssapi-krb5-2_1.20.1-6ubuntu2_amd64.deb [142366/142366] -> "/home/azureuser/RustBox/rootfs/lowerdir//var/cache/apt/archives/partial/libgssapi-krb5-2_1.20.1-6ubuntu2_amd64.deb" [1]
2025-06-13 13:07:45 URL:http://archive.ubuntu.com/ubuntu/pool/main/n/nettle/libhogweed6t64_3.9.1-2.2build1_amd64.deb [198540/198540] -> "/home/azureuser/RustBox/rootfs/lowerdir//var/cache/apt/archives/partial/libhogweed6t64_3.9.1-2.2build1_amd64.deb" [1]
2025-06-13 13:07:45 URL:http://archive.ubuntu.com/ubuntu/pool/main/i/icu/libicu74_74.2-1ubuntu3_amd64.deb [10860410/10860410] -> "/home/azureuser/RustBox/rootfs/lowerdir//var/cache/apt/archives/partial/libicu74_74.2-1ubuntu3_amd64.deb" [1]
2025-06-13 13:07:45 URL:http://archive.ubuntu.com/ubuntu/pool/main/libi/libidn2/libidn2-0_2.3.7-2build1_amd64.deb [66158/66158] -> "/home/azureuser/RustBox/rootfs/lowerdir//var/cache/apt/archives/partial/libidn2-0_2.3.7-2build1_amd64.deb" [1]
2025-06-13 13:07:45 URL:http://archive.ubuntu.com/ubuntu/pool/main/j/json-c/libjson-c5_0.17-1build1_amd64.deb [35340/35340] -> "/home/azureuser/RustBox/rootfs/lowerdir//var/cache/apt/archives/partial/libjson-c5_0.17-1build1_amd64.deb" [1]
2025-06-13 13:07:45 URL:http://archive.ubuntu.com/ubuntu/pool/main/k/krb5/libk5crypto3_1.20.1-6ubuntu2_amd64.deb [81730/81730] -> "/home/azureuser/RustBox/rootfs/lowerdir//var/cache/apt/archives/partial/libk5crypto3_1.20.1-6ubuntu2_amd64.deb" [1]
2025-06-13 13:07:45 URL:http://archive.ubuntu.com/ubuntu/pool/main/k/keyutils/libkeyutils1_1.6.3-3build1_amd64.deb [9490/9490] -> "/home/azureuser/RustBox/rootfs/lowerdir//var/cache/apt/archives/partial/libkeyutils1_1.6.3-3build1_amd64.deb" [1]
2025-06-13 13:07:46 URL:http://archive.ubuntu.com/ubuntu/pool/main/k/kmod/libkmod2_31+20240202-2ubuntu7_amd64.deb [51658/51658] -> "/home/azureuser/RustBox/rootfs/lowerdir//var/cache/apt/archives/partial/libkmod2_31+20240202-2ubuntu7_amd64.deb" [1]
2025-06-13 13:07:46 URL:http://archive.ubuntu.com/ubuntu/pool/main/k/krb5/libkrb5-3_1.20.1-6ubuntu2_amd64.deb [347324/347324] -> "/home/azureuser/RustBox/rootfs/lowerdir//var/cache/apt/archives/partial/libkrb5-3_1.20.1-6ubuntu2_amd64.deb" [1]
2025-06-13 13:07:46 URL:http://archive.ubuntu.com/ubuntu/pool/main/k/krb5/libkrb5support0_1.20.1-6ubuntu2_amd64.deb [33476/33476] -> "/home/azureuser/RustBox/rootfs/lowerdir//var/cache/apt/archives/partial/libkrb5support0_1.20.1-6ubuntu2_amd64.deb" [1]
2025-06-13 13:07:46 URL:http://archive.ubuntu.com/ubuntu/pool/main/libl/liblocale-gettext-perl/liblocale-gettext-perl_1.07-6ubuntu5_amd64.deb [15812/15812] -> "/home/azureuser/RustBox/rootfs/lowerdir//var/cache/apt/archives/partial/liblocale-gettext-perl_1.07-6ubuntu5_amd64.deb" [1]
2025-06-13 13:07:47 URL:http://archive.ubuntu.com/ubuntu/pool/main/l/lz4/liblz4-1_1.9.4-1build1_amd64.deb [62950/62950] -> "/home/azureuser/RustBox/rootfs/lowerdir//var/cache/apt/archives/partial/liblz4-1_1.9.4-1build1_amd64.deb" [1]
2025-06-13 13:07:47 URL:http://archive.ubuntu.com/ubuntu/pool/main/x/xz-utils/liblzma5_5.6.1+really5.4.5-1_amd64.deb [126916/126916] -> "/home/azureuser/RustBox/rootfs/lowerdir//var/cache/apt/archives/partial/liblzma5_5.6.1+really5.4.5-1_amd64.deb" [1]
2025-06-13 13:07:47 URL:http://archive.ubuntu.com/ubuntu/pool/main/libm/libmd/libmd0_1.1.0-2build1_amd64.deb [27002/27002] -> "/home/azureuser/RustBox/rootfs/lowerdir//var/cache/apt/archives/partial/libmd0_1.1.0-2build1_amd64.deb" [1]
2025-06-13 13:07:47 URL:http://archive.ubuntu.com/ubuntu/pool/main/libm/libmnl/libmnl0_1.0.5-2build1_amd64.deb [12272/12272] -> "/home/azureuser/RustBox/rootfs/lowerdir//var/cache/apt/archives/partial/libmnl0_1.0.5-2build1_amd64.deb" [1]
2025-06-13 13:07:48 URL:http://archive.ubuntu.com/ubuntu/pool/main/u/util-linux/libmount1_2.39.3-9ubuntu6_amd64.deb [133570/133570] -> "/home/azureuser/RustBox/rootfs/lowerdir//var/cache/apt/archives/partial/libmount1_2.39.3-9ubuntu6_amd64.deb" [1]
2025-06-13 13:07:48 URL:http://archive.ubuntu.com/ubuntu/pool/main/n/ncurses/libncursesw6_6.4+20240113-1ubuntu2_amd64.deb [147842/147842] -> "/home/azureuser/RustBox/rootfs/lowerdir//var/cache/apt/archives/partial/libncursesw6_6.4+20240113-1ubuntu2_amd64.deb" [1]
2025-06-13 13:07:48 URL:http://archive.ubuntu.com/ubuntu/pool/main/n/netplan.io/libnetplan1_1.0-2ubuntu1_amd64.deb [121794/121794] -> "/home/azureuser/RustBox/rootfs/lowerdir//var/cache/apt/archives/partial/libnetplan1_1.0-2ubuntu1_amd64.deb" [1]
2025-06-13 13:07:48 URL:http://archive.ubuntu.com/ubuntu/pool/main/n/nettle/libnettle8t64_3.9.1-2.2build1_amd64.deb [181546/181546] -> "/home/azureuser/RustBox/rootfs/lowerdir//var/cache/apt/archives/partial/libnettle8t64_3.9.1-2.2build1_amd64.deb" [1]
2025-06-13 13:07:48 URL:http://archive.ubuntu.com/ubuntu/pool/main/n/newt/libnewt0.52_0.52.24-2ubuntu2_amd64.deb [46774/46774] -> "/home/azureuser/RustBox/rootfs/lowerdir//var/cache/apt/archives/partial/libnewt0.52_0.52.24-2ubuntu2_amd64.deb" [1]
2025-06-13 13:07:48 URL:http://archive.ubuntu.com/ubuntu/pool/main/n/npth/libnpth0t64_1.6-3.1build1_amd64.deb [8378/8378] -> "/home/azureuser/RustBox/rootfs/lowerdir//var/cache/apt/archives/partial/libnpth0t64_1.6-3.1build1_amd64.deb" [1]
2025-06-13 13:07:49 URL:http://archive.ubuntu.com/ubuntu/pool/main/s/systemd/libnss-systemd_255.4-1ubuntu8_amd64.deb [158994/158994] -> "/home/azureuser/RustBox/rootfs/lowerdir//var/cache/apt/archives/partial/libnss-systemd_255.4-1ubuntu8_amd64.deb" [1]
2025-06-13 13:07:49 URL:http://archive.ubuntu.com/ubuntu/pool/main/p/p11-kit/libp11-kit0_0.25.3-4ubuntu2_amd64.deb [299468/299468] -> "/home/azureuser/RustBox/rootfs/lowerdir//var/cache/apt/archives/partial/libp11-kit0_0.25.3-4ubuntu2_amd64.deb" [1]
2025-06-13 13:07:50 URL:http://archive.ubuntu.com/ubuntu/pool/main/libc/libcap2/libpam-cap_2.66-5ubuntu2_amd64.deb [12422/12422] -> "/home/azureuser/RustBox/rootfs/lowerdir//var/cache/apt/archives/partial/libpam-cap_1%3a2.66-5ubuntu2_amd64.deb" [1]
2025-06-13 13:07:50 URL:http://archive.ubuntu.com/ubuntu/pool/main/p/pam/libpam-modules_1.5.3-5ubuntu5_amd64.deb [278904/278904] -> "/home/azureuser/RustBox/rootfs/lowerdir//var/cache/apt/archives/partial/libpam-modules_1.5.3-5ubuntu5_amd64.deb" [1]
2025-06-13 13:07:50 URL:http://archive.ubuntu.com/ubuntu/pool/main/p/pam/libpam-modules-bin_1.5.3-5ubuntu5_amd64.deb [51880/51880] -> "/home/azureuser/RustBox/rootfs/lowerdir//var/cache/apt/archives/partial/libpam-modules-bin_1.5.3-5ubuntu5_amd64.deb" [1]
2025-06-13 13:07:50 URL:http://archive.ubuntu.com/ubuntu/pool/main/p/pam/libpam-runtime_1.5.3-5ubuntu5_all.deb [40760/40760] -> "/home/azureuser/RustBox/rootfs/lowerdir//var/cache/apt/archives/partial/libpam-runtime_1.5.3-5ubuntu5_all.deb" [1]
2025-06-13 13:07:51 URL:http://archive.ubuntu.com/ubuntu/pool/main/s/systemd/libpam-systemd_255.4-1ubuntu8_amd64.deb [235048/235048] -> "/home/azureuser/RustBox/rootfs/lowerdir//var/cache/apt/archives/partial/libpam-systemd_255.4-1ubuntu8_amd64.deb" [1]
2025-06-13 13:07:51 URL:http://archive.ubuntu.com/ubuntu/pool/main/p/pam/libpam0g_1.5.3-5ubuntu5_amd64.deb [67680/67680] -> "/home/azureuser/RustBox/rootfs/lowerdir//var/cache/apt/archives/partial/libpam0g_1.5.3-5ubuntu5_amd64.deb" [1]
2025-06-13 13:07:51 URL:http://archive.ubuntu.com/ubuntu/pool/main/p/pcre2/libpcre2-8-0_10.42-4ubuntu2_amd64.deb [226574/226574] -> "/home/azureuser/RustBox/rootfs/lowerdir//var/cache/apt/archives/partial/libpcre2-8-0_10.42-4ubuntu2_amd64.deb" [1]
2025-06-13 13:07:51 URL:http://archive.ubuntu.com/ubuntu/pool/main/p/popt/libpopt0_1.19+dfsg-1build1_amd64.deb [28562/28562] -> "/home/azureuser/RustBox/rootfs/lowerdir//var/cache/apt/archives/partial/libpopt0_1.19+dfsg-1build1_amd64.deb" [1]
2025-06-13 13:07:51 URL:http://archive.ubuntu.com/ubuntu/pool/main/p/procps/libproc2-0_4.0.4-4ubuntu3_amd64.deb [59108/59108] -> "/home/azureuser/RustBox/rootfs/lowerdir//var/cache/apt/archives/partial/libproc2-0_2%3a4.0.4-4ubuntu3_amd64.deb" [1]
2025-06-13 13:07:51 URL:http://archive.ubuntu.com/ubuntu/pool/main/p/python3-defaults/libpython3-stdlib_3.12.3-0ubuntu1_amd64.deb [9890/9890] -> "/home/azureuser/RustBox/rootfs/lowerdir//var/cache/apt/archives/partial/libpython3-stdlib_3.12.3-0ubuntu1_amd64.deb" [1]
2025-06-13 13:07:52 URL:http://archive.ubuntu.com/ubuntu/pool/main/p/python3.12/libpython3.12-minimal_3.12.3-1_amd64.deb [832552/832552] -> "/home/azureuser/RustBox/rootfs/lowerdir//var/cache/apt/archives/partial/libpython3.12-minimal_3.12.3-1_amd64.deb" [1]
2025-06-13 13:07:53 URL:http://archive.ubuntu.com/ubuntu/pool/main/p/python3.12/libpython3.12-stdlib_3.12.3-1_amd64.deb [2066890/2066890] -> "/home/azureuser/RustBox/rootfs/lowerdir//var/cache/apt/archives/partial/libpython3.12-stdlib_3.12.3-1_amd64.deb" [1]
2025-06-13 13:07:53 URL:http://archive.ubuntu.com/ubuntu/pool/main/r/readline/libreadline8t64_8.2-4build1_amd64.deb [152856/152856] -> "/home/azureuser/RustBox/rootfs/lowerdir//var/cache/apt/archives/partial/libreadline8t64_8.2-4build1_amd64.deb" [1]
2025-06-13 13:07:53 URL:http://archive.ubuntu.com/ubuntu/pool/main/libs/libseccomp/libseccomp2_2.5.5-1ubuntu3_amd64.deb [50334/50334] -> "/home/azureuser/RustBox/rootfs/lowerdir//var/cache/apt/archives/partial/libseccomp2_2.5.5-1ubuntu3_amd64.deb" [1]
2025-06-13 13:07:54 URL:http://archive.ubuntu.com/ubuntu/pool/main/libs/libselinux/libselinux1_3.5-2ubuntu2_amd64.deb [79578/79578] -> "/home/azureuser/RustBox/rootfs/lowerdir//var/cache/apt/archives/partial/libselinux1_3.5-2ubuntu2_amd64.deb" [1]
2025-06-13 13:07:54 URL:http://archive.ubuntu.com/ubuntu/pool/main/libs/libsemanage/libsemanage-common_3.5-1build5_all.deb [10144/10144] -> "/home/azureuser/RustBox/rootfs/lowerdir//var/cache/apt/archives/partial/libsemanage-common_3.5-1build5_all.deb" [1]
2025-06-13 13:07:54 URL:http://archive.ubuntu.com/ubuntu/pool/main/libs/libsemanage/libsemanage2_3.5-1build5_amd64.deb [93178/93178] -> "/home/azureuser/RustBox/rootfs/lowerdir//var/cache/apt/archives/partial/libsemanage2_3.5-1build5_amd64.deb" [1]
2025-06-13 13:07:55 URL:http://archive.ubuntu.com/ubuntu/pool/main/libs/libsepol/libsepol2_3.5-2build1_amd64.deb [302950/302950] -> "/home/azureuser/RustBox/rootfs/lowerdir//var/cache/apt/archives/partial/libsepol2_3.5-2build1_amd64.deb" [1]
2025-06-13 13:07:55 URL:http://archive.ubuntu.com/ubuntu/pool/main/s/slang2/libslang2_2.3.3-3build2_amd64.deb [505982/505982] -> "/home/azureuser/RustBox/rootfs/lowerdir//var/cache/apt/archives/partial/libslang2_2.3.3-3build2_amd64.deb" [1]
2025-06-13 13:07:55 URL:http://archive.ubuntu.com/ubuntu/pool/main/u/util-linux/libsmartcols1_2.39.3-9ubuntu6_amd64.deb [64792/64792] -> "/home/azureuser/RustBox/rootfs/lowerdir//var/cache/apt/archives/partial/libsmartcols1_2.39.3-9ubuntu6_amd64.deb" [1]
2025-06-13 13:07:55 URL:http://archive.ubuntu.com/ubuntu/pool/main/s/sqlite3/libsqlite3-0_3.45.1-1ubuntu2_amd64.deb [700866/700866] -> "/home/azureuser/RustBox/rootfs/lowerdir//var/cache/apt/archives/partial/libsqlite3-0_3.45.1-1ubuntu2_amd64.deb" [1]
2025-06-13 13:07:56 URL:http://archive.ubuntu.com/ubuntu/pool/main/e/e2fsprogs/libss2_1.47.0-2.4~exp1ubuntu4_amd64.deb [17038/17038] -> "/home/azureuser/RustBox/rootfs/lowerdir//var/cache/apt/archives/partial/libss2_1.47.0-2.4~exp1ubuntu4_amd64.deb" [1]
2025-06-13 13:07:56 URL:http://archive.ubuntu.com/ubuntu/pool/main/o/openssl/libssl3t64_3.0.13-0ubuntu3_amd64.deb [1936306/1936306] -> "/home/azureuser/RustBox/rootfs/lowerdir//var/cache/apt/archives/partial/libssl3t64_3.0.13-0ubuntu3_amd64.deb" [1]
2025-06-13 13:07:57 URL:http://archive.ubuntu.com/ubuntu/pool/main/g/gcc-14/libstdc++6_14-20240412-0ubuntu1_amd64.deb [795158/795158] -> "/home/azureuser/RustBox/rootfs/lowerdir//var/cache/apt/archives/partial/libstdc++6_14-20240412-0ubuntu1_amd64.deb" [1]
2025-06-13 13:07:57 URL:http://archive.ubuntu.com/ubuntu/pool/main/s/systemd/libsystemd-shared_255.4-1ubuntu8_amd64.deb [2067322/2067322] -> "/home/azureuser/RustBox/rootfs/lowerdir//var/cache/apt/archives/partial/libsystemd-shared_255.4-1ubuntu8_amd64.deb" [1]
2025-06-13 13:07:58 URL:http://archive.ubuntu.com/ubuntu/pool/main/s/systemd/libsystemd0_255.4-1ubuntu8_amd64.deb [429022/429022] -> "/home/azureuser/RustBox/rootfs/lowerdir//var/cache/apt/archives/partial/libsystemd0_255.4-1ubuntu8_amd64.deb" [1]
2025-06-13 13:07:58 URL:http://archive.ubuntu.com/ubuntu/pool/main/libt/libtasn1-6/libtasn1-6_4.19.0-3build1_amd64.deb [43870/43870] -> "/home/azureuser/RustBox/rootfs/lowerdir//var/cache/apt/archives/partial/libtasn1-6_4.19.0-3build1_amd64.deb" [1]
2025-06-13 13:07:59 URL:http://archive.ubuntu.com/ubuntu/pool/main/libt/libtext-charwidth-perl/libtext-charwidth-perl_0.04-11build3_amd64.deb [9358/9358] -> "/home/azureuser/RustBox/rootfs/lowerdir//var/cache/apt/archives/partial/libtext-charwidth-perl_0.04-11build3_amd64.deb" [1]
2025-06-13 13:07:59 URL:http://archive.ubuntu.com/ubuntu/pool/main/libt/libtext-iconv-perl/libtext-iconv-perl_1.7-8build3_amd64.deb [13478/13478] -> "/home/azureuser/RustBox/rootfs/lowerdir//var/cache/apt/archives/partial/libtext-iconv-perl_1.7-8build3_amd64.deb" [1]
2025-06-13 13:07:59 URL:http://archive.ubuntu.com/ubuntu/pool/main/libt/libtext-wrapi18n-perl/libtext-wrapi18n-perl_0.06-10_all.deb [7694/7694] -> "/home/azureuser/RustBox/rootfs/lowerdir//var/cache/apt/archives/partial/libtext-wrapi18n-perl_0.06-10_all.deb" [1]
2025-06-13 13:07:59 URL:http://archive.ubuntu.com/ubuntu/pool/main/n/ncurses/libtinfo6_6.4+20240113-1ubuntu2_amd64.deb [107794/107794] -> "/home/azureuser/RustBox/rootfs/lowerdir//var/cache/apt/archives/partial/libtinfo6_6.4+20240113-1ubuntu2_amd64.deb" [1]
2025-06-13 13:07:59 URL:http://archive.ubuntu.com/ubuntu/pool/main/libt/libtirpc/libtirpc-common_1.3.4+ds-1.1build1_all.deb [8094/8094] -> "/home/azureuser/RustBox/rootfs/lowerdir//var/cache/apt/archives/partial/libtirpc-common_1.3.4+ds-1.1build1_all.deb" [1]
2025-06-13 13:07:59 URL:http://archive.ubuntu.com/ubuntu/pool/main/libt/libtirpc/libtirpc3t64_1.3.4+ds-1.1build1_amd64.deb [82558/82558] -> "/home/azureuser/RustBox/rootfs/lowerdir//var/cache/apt/archives/partial/libtirpc3t64_1.3.4+ds-1.1build1_amd64.deb" [1]
2025-06-13 13:07:59 URL:http://archive.ubuntu.com/ubuntu/pool/main/s/systemd/libudev1_255.4-1ubuntu8_amd64.deb [174402/174402] -> "/home/azureuser/RustBox/rootfs/lowerdir//var/cache/apt/archives/partial/libudev1_255.4-1ubuntu8_amd64.deb" [1]
2025-06-13 13:08:00 URL:http://archive.ubuntu.com/ubuntu/pool/main/libu/libunistring/libunistring5_1.1-2build1_amd64.deb [535478/535478] -> "/home/azureuser/RustBox/rootfs/lowerdir//var/cache/apt/archives/partial/libunistring5_1.1-2build1_amd64.deb" [1]
2025-06-13 13:08:00 URL:http://archive.ubuntu.com/ubuntu/pool/main/u/util-linux/libuuid1_2.39.3-9ubuntu6_amd64.deb [35248/35248] -> "/home/azureuser/RustBox/rootfs/lowerdir//var/cache/apt/archives/partial/libuuid1_2.39.3-9ubuntu6_amd64.deb" [1]
2025-06-13 13:08:00 URL:http://archive.ubuntu.com/ubuntu/pool/main/libx/libxml2/libxml2_2.9.14+dfsg-1.3ubuntu3_amd64.deb [762198/762198] -> "/home/azureuser/RustBox/rootfs/lowerdir//var/cache/apt/archives/partial/libxml2_2.9.14+dfsg-1.3ubuntu3_amd64.deb" [1]
2025-06-13 13:08:00 URL:http://archive.ubuntu.com/ubuntu/pool/main/i/iptables/libxtables12_1.8.10-3ubuntu2_amd64.deb [35704/35704] -> "/home/azureuser/RustBox/rootfs/lowerdir//var/cache/apt/archives/partial/libxtables12_1.8.10-3ubuntu2_amd64.deb" [1]
2025-06-13 13:08:00 URL:http://archive.ubuntu.com/ubuntu/pool/main/x/xxhash/libxxhash0_0.8.2-2build1_amd64.deb [24056/24056] -> "/home/azureuser/RustBox/rootfs/lowerdir//var/cache/apt/archives/partial/libxxhash0_0.8.2-2build1_amd64.deb" [1]
2025-06-13 13:08:01 URL:http://archive.ubuntu.com/ubuntu/pool/main/liby/libyaml/libyaml-0-2_0.2.5-1build1_amd64.deb [51492/51492] -> "/home/azureuser/RustBox/rootfs/lowerdir//var/cache/apt/archives/partial/libyaml-0-2_0.2.5-1build1_amd64.deb" [1]
2025-06-13 13:08:01 URL:http://archive.ubuntu.com/ubuntu/pool/main/libz/libzstd/libzstd1_1.5.5+dfsg2-2build1_amd64.deb [299490/299490] -> "/home/azureuser/RustBox/rootfs/lowerdir//var/cache/apt/archives/partial/libzstd1_1.5.5+dfsg2-2build1_amd64.deb" [1]
2025-06-13 13:08:01 URL:http://archive.ubuntu.com/ubuntu/pool/main/g/glibc/locales_2.39-0ubuntu8_all.deb [4233588/4233588] -> "/home/azureuser/RustBox/rootfs/lowerdir//var/cache/apt/archives/partial/locales_2.39-0ubuntu8_all.deb" [1]
2025-06-13 13:08:01 URL:http://archive.ubuntu.com/ubuntu/pool/main/s/shadow/login_4.13+dfsg1-4ubuntu3_amd64.deb [201662/201662] -> "/home/azureuser/RustBox/rootfs/lowerdir//var/cache/apt/archives/partial/login_1%3a4.13+dfsg1-4ubuntu3_amd64.deb" [1]
2025-06-13 13:08:01 URL:http://archive.ubuntu.com/ubuntu/pool/main/l/logrotate/logrotate_3.21.0-2build1_amd64.deb [52212/52212] -> "/home/azureuser/RustBox/rootfs/lowerdir//var/cache/apt/archives/partial/logrotate_3.21.0-2build1_amd64.deb" [1]
2025-06-13 13:08:01 URL:http://archive.ubuntu.com/ubuntu/pool/main/e/e2fsprogs/logsave_1.47.0-2.4~exp1ubuntu4_amd64.deb [22518/22518] -> "/home/azureuser/RustBox/rootfs/lowerdir//var/cache/apt/archives/partial/logsave_1.47.0-2.4~exp1ubuntu4_amd64.deb" [1]
2025-06-13 13:08:01 URL:http://archive.ubuntu.com/ubuntu/pool/main/l/lsb-release-minimal/lsb-release_12.0-2_all.deb [6564/6564] -> "/home/azureuser/RustBox/rootfs/lowerdir//var/cache/apt/archives/partial/lsb-release_12.0-2_all.deb" [1]
2025-06-13 13:08:02 URL:http://archive.ubuntu.com/ubuntu/pool/main/m/mawk/mawk_1.3.4.20240123-1build1_amd64.deb [127222/127222] -> "/home/azureuser/RustBox/rootfs/lowerdir//var/cache/apt/archives/partial/mawk_1.3.4.20240123-1build1_amd64.deb" [1]
2025-06-13 13:08:02 URL:http://archive.ubuntu.com/ubuntu/pool/main/m/media-types/media-types_10.1.0_all.deb [27474/27474] -> "/home/azureuser/RustBox/rootfs/lowerdir//var/cache/apt/archives/partial/media-types_10.1.0_all.deb" [1]
2025-06-13 13:08:02 URL:http://archive.ubuntu.com/ubuntu/pool/main/u/util-linux/mount_2.39.3-9ubuntu6_amd64.deb [118262/118262] -> "/home/azureuser/RustBox/rootfs/lowerdir//var/cache/apt/archives/partial/mount_2.39.3-9ubuntu6_amd64.deb" [1]
2025-06-13 13:08:02 URL:http://archive.ubuntu.com/ubuntu/pool/main/n/ncurses/ncurses-base_6.4+20240113-1ubuntu2_all.deb [25516/25516] -> "/home/azureuser/RustBox/rootfs/lowerdir//var/cache/apt/archives/partial/ncurses-base_6.4+20240113-1ubuntu2_all.deb" [1]
2025-06-13 13:08:02 URL:http://archive.ubuntu.com/ubuntu/pool/main/n/ncurses/ncurses-bin_6.4+20240113-1ubuntu2_amd64.deb [188382/188382] -> "/home/azureuser/RustBox/rootfs/lowerdir//var/cache/apt/archives/partial/ncurses-bin_6.4+20240113-1ubuntu2_amd64.deb" [1]
2025-06-13 13:08:02 URL:http://archive.ubuntu.com/ubuntu/pool/main/n/netbase/netbase_6.4_all.deb [13112/13112] -> "/home/azureuser/RustBox/rootfs/lowerdir//var/cache/apt/archives/partial/netbase_6.4_all.deb" [1]
2025-06-13 13:08:03 URL:http://archive.ubuntu.com/ubuntu/pool/main/n/netcat-openbsd/netcat-openbsd_1.226-1ubuntu2_amd64.deb [44292/44292] -> "/home/azureuser/RustBox/rootfs/lowerdir//var/cache/apt/archives/partial/netcat-openbsd_1.226-1ubuntu2_amd64.deb" [1]
2025-06-13 13:08:03 URL:http://archive.ubuntu.com/ubuntu/pool/main/n/netplan.io/netplan-generator_1.0-2ubuntu1_amd64.deb [59266/59266] -> "/home/azureuser/RustBox/rootfs/lowerdir//var/cache/apt/archives/partial/netplan-generator_1.0-2ubuntu1_amd64.deb" [1]
2025-06-13 13:08:03 URL:http://archive.ubuntu.com/ubuntu/pool/main/n/netplan.io/netplan.io_1.0-2ubuntu1_amd64.deb [65906/65906] -> "/home/azureuser/RustBox/rootfs/lowerdir//var/cache/apt/archives/partial/netplan.io_1.0-2ubuntu1_amd64.deb" [1]
2025-06-13 13:08:03 URL:http://archive.ubuntu.com/ubuntu/pool/main/n/networkd-dispatcher/networkd-dispatcher_2.2.4-1_all.deb [15504/15504] -> "/home/azureuser/RustBox/rootfs/lowerdir//var/cache/apt/archives/partial/networkd-dispatcher_2.2.4-1_all.deb" [1]
2025-06-13 13:08:04 URL:http://archive.ubuntu.com/ubuntu/pool/main/o/openssl/openssl_3.0.13-0ubuntu3_amd64.deb [1001730/1001730] -> "/home/azureuser/RustBox/rootfs/lowerdir//var/cache/apt/archives/partial/openssl_3.0.13-0ubuntu3_amd64.deb" [1]
2025-06-13 13:08:04 URL:http://archive.ubuntu.com/ubuntu/pool/main/s/shadow/passwd_4.13+dfsg1-4ubuntu3_amd64.deb [844854/844854] -> "/home/azureuser/RustBox/rootfs/lowerdir//var/cache/apt/archives/partial/passwd_1%3a4.13+dfsg1-4ubuntu3_amd64.deb" [1]
2025-06-13 13:08:05 URL:http://archive.ubuntu.com/ubuntu/pool/main/p/perl/perl-base_5.38.2-3.2build2_amd64.deb [1822564/1822564] -> "/home/azureuser/RustBox/rootfs/lowerdir//var/cache/apt/archives/partial/perl-base_5.38.2-3.2build2_amd64.deb" [1]
2025-06-13 13:08:05 URL:http://archive.ubuntu.com/ubuntu/pool/main/p/procps/procps_4.0.4-4ubuntu3_amd64.deb [707630/707630] -> "/home/azureuser/RustBox/rootfs/lowerdir//var/cache/apt/archives/partial/procps_2%3a4.0.4-4ubuntu3_amd64.deb" [1]
2025-06-13 13:08:05 URL:http://archive.ubuntu.com/ubuntu/pool/main/p/python-apt/python-apt-common_2.7.7ubuntu1_all.deb [20096/20096] -> "/home/azureuser/RustBox/rootfs/lowerdir//var/cache/apt/archives/partial/python-apt-common_2.7.7ubuntu1_all.deb" [1]
2025-06-13 13:08:05 URL:http://archive.ubuntu.com/ubuntu/pool/main/p/python3-defaults/python3_3.12.3-0ubuntu1_amd64.deb [24100/24100] -> "/home/azureuser/RustBox/rootfs/lowerdir//var/cache/apt/archives/partial/python3_3.12.3-0ubuntu1_amd64.deb" [1]
2025-06-13 13:08:05 URL:http://archive.ubuntu.com/ubuntu/pool/main/p/python-apt/python3-apt_2.7.7ubuntu1_amd64.deb [168828/168828] -> "/home/azureuser/RustBox/rootfs/lowerdir//var/cache/apt/archives/partial/python3-apt_2.7.7ubuntu1_amd64.deb" [1]
2025-06-13 13:08:06 URL:http://archive.ubuntu.com/ubuntu/pool/main/p/python-cffi/python3-cffi-backend_1.16.0-2build1_amd64.deb [77292/77292] -> "/home/azureuser/RustBox/rootfs/lowerdir//var/cache/apt/archives/partial/python3-cffi-backend_1.16.0-2build1_amd64.deb" [1]
2025-06-13 13:08:06 URL:http://archive.ubuntu.com/ubuntu/pool/main/d/dbus-python/python3-dbus_1.3.2-5build3_amd64.deb [100066/100066] -> "/home/azureuser/RustBox/rootfs/lowerdir//var/cache/apt/archives/partial/python3-dbus_1.3.2-5build3_amd64.deb" [1]
2025-06-13 13:08:06 URL:http://archive.ubuntu.com/ubuntu/pool/main/p/pygobject/python3-gi_3.48.2-1_amd64.deb [232016/232016] -> "/home/azureuser/RustBox/rootfs/lowerdir//var/cache/apt/archives/partial/python3-gi_3.48.2-1_amd64.deb" [1]
2025-06-13 13:08:06 URL:http://archive.ubuntu.com/ubuntu/pool/main/m/markdown-it-py/python3-markdown-it_3.0.0-2_all.deb [57466/57466] -> "/home/azureuser/RustBox/rootfs/lowerdir//var/cache/apt/archives/partial/python3-markdown-it_3.0.0-2_all.deb" [1]
2025-06-13 13:08:06 URL:http://archive.ubuntu.com/ubuntu/pool/main/m/mdurl/python3-mdurl_0.1.2-1_all.deb [9702/9702] -> "/home/azureuser/RustBox/rootfs/lowerdir//var/cache/apt/archives/partial/python3-mdurl_0.1.2-1_all.deb" [1]
2025-06-13 13:08:06 URL:http://archive.ubuntu.com/ubuntu/pool/main/p/python3-defaults/python3-minimal_3.12.3-0ubuntu1_amd64.deb [27216/27216] -> "/home/azureuser/RustBox/rootfs/lowerdir//var/cache/apt/archives/partial/python3-minimal_3.12.3-0ubuntu1_amd64.deb" [1]
2025-06-13 13:08:07 URL:http://archive.ubuntu.com/ubuntu/pool/main/n/netifaces/python3-netifaces_0.11.0-2build3_amd64.deb [18050/18050] -> "/home/azureuser/RustBox/rootfs/lowerdir//var/cache/apt/archives/partial/python3-netifaces_0.11.0-2build3_amd64.deb" [1]
2025-06-13 13:08:07 URL:http://archive.ubuntu.com/ubuntu/pool/main/n/netplan.io/python3-netplan_1.0-2ubuntu1_amd64.deb [22502/22502] -> "/home/azureuser/RustBox/rootfs/lowerdir//var/cache/apt/archives/partial/python3-netplan_1.0-2ubuntu1_amd64.deb" [1]
2025-06-13 13:08:07 URL:http://archive.ubuntu.com/ubuntu/pool/main/s/setuptools/python3-pkg-resources_68.1.2-2ubuntu1_all.deb [167522/167522] -> "/home/azureuser/RustBox/rootfs/lowerdir//var/cache/apt/archives/partial/python3-pkg-resources_68.1.2-2ubuntu1_all.deb" [1]
2025-06-13 13:08:08 URL:http://archive.ubuntu.com/ubuntu/pool/main/p/pygments/python3-pygments_2.17.2+dfsg-1_all.deb [819086/819086] -> "/home/azureuser/RustBox/rootfs/lowerdir//var/cache/apt/archives/partial/python3-pygments_2.17.2+dfsg-1_all.deb" [1]
2025-06-13 13:08:08 URL:http://archive.ubuntu.com/ubuntu/pool/main/r/rich/python3-rich_13.7.1-1_all.deb [189238/189238] -> "/home/azureuser/RustBox/rootfs/lowerdir//var/cache/apt/archives/partial/python3-rich_13.7.1-1_all.deb" [1]
2025-06-13 13:08:08 URL:http://archive.ubuntu.com/ubuntu/pool/main/p/python-typing-extensions/python3-typing-extensions_4.10.0-1_all.deb [60676/60676] -> "/home/azureuser/RustBox/rootfs/lowerdir//var/cache/apt/archives/partial/python3-typing-extensions_4.10.0-1_all.deb" [1]
2025-06-13 13:08:09 URL:http://archive.ubuntu.com/ubuntu/pool/main/p/pyyaml/python3-yaml_6.0.1-2build2_amd64.deb [122568/122568] -> "/home/azureuser/RustBox/rootfs/lowerdir//var/cache/apt/archives/partial/python3-yaml_6.0.1-2build2_amd64.deb" [1]
2025-06-13 13:08:09 URL:http://archive.ubuntu.com/ubuntu/pool/main/p/python3.12/python3.12_3.12.3-1_amd64.deb [650732/650732] -> "/home/azureuser/RustBox/rootfs/lowerdir//var/cache/apt/archives/partial/python3.12_3.12.3-1_amd64.deb" [1]
2025-06-13 13:08:10 URL:http://archive.ubuntu.com/ubuntu/pool/main/p/python3.12/python3.12-minimal_3.12.3-1_amd64.deb [2343294/2343294] -> "/home/azureuser/RustBox/rootfs/lowerdir//var/cache/apt/archives/partial/python3.12-minimal_3.12.3-1_amd64.deb" [1]
2025-06-13 13:08:10 URL:http://archive.ubuntu.com/ubuntu/pool/main/r/readline/readline-common_8.2-4build1_all.deb [56484/56484] -> "/home/azureuser/RustBox/rootfs/lowerdir//var/cache/apt/archives/partial/readline-common_8.2-4build1_all.deb" [1]
2025-06-13 13:08:11 URL:http://archive.ubuntu.com/ubuntu/pool/main/r/rsyslog/rsyslog_8.2312.0-3ubuntu9_amd64.deb [510750/510750] -> "/home/azureuser/RustBox/rootfs/lowerdir//var/cache/apt/archives/partial/rsyslog_8.2312.0-3ubuntu9_amd64.deb" [1]
2025-06-13 13:08:11 URL:http://archive.ubuntu.com/ubuntu/pool/main/s/sed/sed_4.9-2build1_amd64.deb [193410/193410] -> "/home/azureuser/RustBox/rootfs/lowerdir//var/cache/apt/archives/partial/sed_4.9-2build1_amd64.deb" [1]
2025-06-13 13:08:11 URL:http://archive.ubuntu.com/ubuntu/pool/main/s/sensible-utils/sensible-utils_0.0.22_all.deb [22462/22462] -> "/home/azureuser/RustBox/rootfs/lowerdir//var/cache/apt/archives/partial/sensible-utils_0.0.22_all.deb" [1]
2025-06-13 13:08:12 URL:http://archive.ubuntu.com/ubuntu/pool/main/s/shared-mime-info/shared-mime-info_2.4-4_amd64.deb [473572/473572] -> "/home/azureuser/RustBox/rootfs/lowerdir//var/cache/apt/archives/partial/shared-mime-info_2.4-4_amd64.deb" [1]
2025-06-13 13:08:12 URL:http://archive.ubuntu.com/ubuntu/pool/main/s/sudo/sudo_1.9.15p5-3ubuntu5_amd64.deb [948306/948306] -> "/home/azureuser/RustBox/rootfs/lowerdir//var/cache/apt/archives/partial/sudo_1.9.15p5-3ubuntu5_amd64.deb" [1]
2025-06-13 13:08:13 URL:http://archive.ubuntu.com/ubuntu/pool/main/s/systemd/systemd_255.4-1ubuntu8_amd64.deb [3470734/3470734] -> "/home/azureuser/RustBox/rootfs/lowerdir//var/cache/apt/archives/partial/systemd_255.4-1ubuntu8_amd64.deb" [1]
2025-06-13 13:08:13 URL:http://archive.ubuntu.com/ubuntu/pool/main/s/systemd/systemd-dev_255.4-1ubuntu8_all.deb [103640/103640] -> "/home/azureuser/RustBox/rootfs/lowerdir//var/cache/apt/archives/partial/systemd-dev_255.4-1ubuntu8_all.deb" [1]
2025-06-13 13:08:13 URL:http://archive.ubuntu.com/ubuntu/pool/main/s/systemd-hwe/systemd-hwe-hwdb_255.1.3_all.deb [3124/3124] -> "/home/azureuser/RustBox/rootfs/lowerdir//var/cache/apt/archives/partial/systemd-hwe-hwdb_255.1.3_all.deb" [1]
2025-06-13 13:08:13 URL:http://archive.ubuntu.com/ubuntu/pool/main/s/systemd/systemd-resolved_255.4-1ubuntu8_amd64.deb [296414/296414] -> "/home/azureuser/RustBox/rootfs/lowerdir//var/cache/apt/archives/partial/systemd-resolved_255.4-1ubuntu8_amd64.deb" [1]
2025-06-13 13:08:14 URL:http://archive.ubuntu.com/ubuntu/pool/main/s/systemd/systemd-sysv_255.4-1ubuntu8_amd64.deb [11876/11876] -> "/home/azureuser/RustBox/rootfs/lowerdir//var/cache/apt/archives/partial/systemd-sysv_255.4-1ubuntu8_amd64.deb" [1]
2025-06-13 13:08:14 URL:http://archive.ubuntu.com/ubuntu/pool/main/s/systemd/systemd-timesyncd_255.4-1ubuntu8_amd64.deb [35286/35286] -> "/home/azureuser/RustBox/rootfs/lowerdir//var/cache/apt/archives/partial/systemd-timesyncd_255.4-1ubuntu8_amd64.deb" [1]
2025-06-13 13:08:14 URL:http://archive.ubuntu.com/ubuntu/pool/main/s/sysvinit/sysvinit-utils_3.08-6ubuntu3_amd64.deb [34170/34170] -> "/home/azureuser/RustBox/rootfs/lowerdir//var/cache/apt/archives/partial/sysvinit-utils_3.08-6ubuntu3_amd64.deb" [1]
2025-06-13 13:08:14 URL:http://archive.ubuntu.com/ubuntu/pool/main/t/tar/tar_1.35+dfsg-3build1_amd64.deb [253398/253398] -> "/home/azureuser/RustBox/rootfs/lowerdir//var/cache/apt/archives/partial/tar_1.35+dfsg-3build1_amd64.deb" [1]
2025-06-13 13:08:15 URL:http://archive.ubuntu.com/ubuntu/pool/main/t/tzdata/tzdata_2024a-2ubuntu1_all.deb [273318/273318] -> "/home/azureuser/RustBox/rootfs/lowerdir//var/cache/apt/archives/partial/tzdata_2024a-2ubuntu1_all.deb" [1]
2025-06-13 13:08:15 URL:http://archive.ubuntu.com/ubuntu/pool/main/u/ubuntu-keyring/ubuntu-keyring_2023.11.28.1_all.deb [11124/11124] -> "/home/azureuser/RustBox/rootfs/lowerdir//var/cache/apt/archives/partial/ubuntu-keyring_2023.11.28.1_all.deb" [1]
2025-06-13 13:08:15 URL:http://archive.ubuntu.com/ubuntu/pool/main/u/ubuntu-meta/ubuntu-minimal_1.539_amd64.deb [10984/10984] -> "/home/azureuser/RustBox/rootfs/lowerdir//var/cache/apt/archives/partial/ubuntu-minimal_1.539_amd64.deb" [1]
2025-06-13 13:08:15 URL:http://archive.ubuntu.com/ubuntu/pool/main/u/ubuntu-advantage-tools/ubuntu-pro-client_31.2.3_amd64.deb [214766/214766] -> "/home/azureuser/RustBox/rootfs/lowerdir//var/cache/apt/archives/partial/ubuntu-pro-client_31.2.3_amd64.deb" [1]
2025-06-13 13:08:16 URL:http://archive.ubuntu.com/ubuntu/pool/main/u/ubuntu-advantage-tools/ubuntu-pro-client-l10n_31.2.3_amd64.deb [19404/19404] -> "/home/azureuser/RustBox/rootfs/lowerdir//var/cache/apt/archives/partial/ubuntu-pro-client-l10n_31.2.3_amd64.deb" [1]
2025-06-13 13:08:16 URL:http://archive.ubuntu.com/ubuntu/pool/main/u/ucf/ucf_3.0043+nmu1_all.deb [56522/56522] -> "/home/azureuser/RustBox/rootfs/lowerdir//var/cache/apt/archives/partial/ucf_3.0043+nmu1_all.deb" [1]
2025-06-13 13:08:17 URL:http://archive.ubuntu.com/ubuntu/pool/main/s/systemd/udev_255.4-1ubuntu8_amd64.deb [1873456/1873456] -> "/home/azureuser/RustBox/rootfs/lowerdir//var/cache/apt/archives/partial/udev_255.4-1ubuntu8_amd64.deb" [1]
2025-06-13 13:08:17 URL:http://archive.ubuntu.com/ubuntu/pool/main/u/util-linux/util-linux_2.39.3-9ubuntu6_amd64.deb [1127346/1127346] -> "/home/azureuser/RustBox/rootfs/lowerdir//var/cache/apt/archives/partial/util-linux_2.39.3-9ubuntu6_amd64.deb" [1]
2025-06-13 13:08:17 URL:http://archive.ubuntu.com/ubuntu/pool/main/v/vim/vim-common_9.1.0016-1ubuntu7_all.deb [384936/384936] -> "/home/azureuser/RustBox/rootfs/lowerdir//var/cache/apt/archives/partial/vim-common_2%3a9.1.0016-1ubuntu7_all.deb" [1]
2025-06-13 13:08:17 URL:http://archive.ubuntu.com/ubuntu/pool/main/v/vim/vim-tiny_9.1.0016-1ubuntu7_amd64.deb [802798/802798] -> "/home/azureuser/RustBox/rootfs/lowerdir//var/cache/apt/archives/partial/vim-tiny_2%3a9.1.0016-1ubuntu7_amd64.deb" [1]
2025-06-13 13:08:18 URL:http://archive.ubuntu.com/ubuntu/pool/main/n/newt/whiptail_0.52.24-2ubuntu2_amd64.deb [17998/17998] -> "/home/azureuser/RustBox/rootfs/lowerdir//var/cache/apt/archives/partial/whiptail_0.52.24-2ubuntu2_amd64.deb" [1]
2025-06-13 13:08:18 URL:http://archive.ubuntu.com/ubuntu/pool/main/x/xdg-user-dirs/xdg-user-dirs_0.18-1build1_amd64.deb [18382/18382] -> "/home/azureuser/RustBox/rootfs/lowerdir//var/cache/apt/archives/partial/xdg-user-dirs_0.18-1build1_amd64.deb" [1]
2025-06-13 13:08:19 URL:http://archive.ubuntu.com/ubuntu/pool/main/x/xkeyboard-config/xkb-data_2.41-2ubuntu1_all.deb [395132/395132] -> "/home/azureuser/RustBox/rootfs/lowerdir//var/cache/apt/archives/partial/xkb-data_2.41-2ubuntu1_all.deb" [1]
2025-06-13 13:08:19 URL:http://archive.ubuntu.com/ubuntu/pool/main/v/vim/xxd_9.1.0016-1ubuntu7_amd64.deb [62808/62808] -> "/home/azureuser/RustBox/rootfs/lowerdir//var/cache/apt/archives/partial/xxd_2%3a9.1.0016-1ubuntu7_amd64.deb" [1]
2025-06-13 13:08:19 URL:http://archive.ubuntu.com/ubuntu/pool/main/z/zlib/zlib1g_1.3.dfsg-3.1ubuntu2_amd64.deb [62784/62784] -> "/home/azureuser/RustBox/rootfs/lowerdir//var/cache/apt/archives/partial/zlib1g_1%3a1.3.dfsg-3.1ubuntu2_amd64.deb" [1]
tar: ./etc/debian_version: Cannot open: File exists
tar: ./etc/dpkg/origins/debian: Cannot open: File exists
tar: ./etc/dpkg/origins/ubuntu: Cannot open: File exists
tar: ./etc/host.conf: Cannot open: File exists
tar: ./etc/issue: Cannot open: File exists
tar: ./etc/issue.net: Cannot open: File exists
tar: ./etc/legal: Cannot open: File exists
tar: ./etc/lsb-release: Cannot open: File exists
tar: ./etc/profile.d/01-locale-fix.sh: Cannot open: File exists
tar: ./etc/update-motd.d/00-header: Cannot open: File exists
tar: ./etc/update-motd.d/10-help-text: Cannot open: File exists
tar: ./etc/update-motd.d/50-motd-news: Cannot open: File exists
tar: ./usr/bin/locale-check: Cannot open: File exists
tar: ./usr/lib/os-release: Cannot open: File exists
tar: ./usr/lib/systemd/system/motd-news.service: Cannot open: File exists
tar: ./usr/lib/systemd/system/motd-news.timer: Cannot open: File exists
tar: ./usr/share/base-files/dot.bashrc: Cannot open: File exists
tar: ./usr/share/base-files/dot.profile: Cannot open: File exists
tar: ./usr/share/base-files/dot.profile.md5sums: Cannot open: File exists
tar: ./usr/share/base-files/info.dir: Cannot open: File exists
tar: ./usr/share/base-files/motd: Cannot open: File exists
tar: ./usr/share/base-files/networks: Cannot open: File exists
tar: ./usr/share/base-files/profile: Cannot open: File exists
tar: ./usr/share/base-files/profile.md5sums: Cannot open: File exists
tar: ./usr/share/base-files/staff-group-for-usr-local: Cannot open: File exists
tar: ./usr/share/common-licenses/Apache-2.0: Cannot open: File exists
tar: ./usr/share/common-licenses/Artistic: Cannot open: File exists
tar: ./usr/share/common-licenses/BSD: Cannot open: File exists
tar: ./usr/share/common-licenses/CC0-1.0: Cannot open: File exists
tar: ./usr/share/common-licenses/GFDL-1.2: Cannot open: File exists
tar: ./usr/share/common-licenses/GFDL-1.3: Cannot open: File exists
tar: ./usr/share/common-licenses/GPL-1: Cannot open: File exists
tar: ./usr/share/common-licenses/GPL-2: Cannot open: File exists
tar: ./usr/share/common-licenses/GPL-3: Cannot open: File exists
tar: ./usr/share/common-licenses/LGPL-2: Cannot open: File exists
tar: ./usr/share/common-licenses/LGPL-2.1: Cannot open: File exists
tar: ./usr/share/common-licenses/LGPL-3: Cannot open: File exists
tar: ./usr/share/common-licenses/MPL-1.1: Cannot open: File exists
tar: ./usr/share/common-licenses/MPL-2.0: Cannot open: File exists
tar: ./usr/share/doc/base-files/changelog.gz: Cannot open: File exists
tar: ./usr/share/doc/base-files/copyright: Cannot open: File exists
tar: ./usr/share/dot.bashrc: Cannot open: File exists
tar: ./usr/share/dot.profile: Cannot open: File exists
tar: ./usr/share/dot.profile.md5sums: Cannot open: File exists
tar: ./usr/share/info.dir: Cannot open: File exists
tar: ./usr/share/lintian/overrides/base-files: Cannot open: File exists
tar: ./usr/share/motd: Cannot open: File exists
tar: ./usr/share/networks: Cannot open: File exists
tar: ./usr/share/pixmaps/ubuntu-logo-text-dark.png: Cannot open: File exists
tar: ./usr/share/pixmaps/ubuntu-logo-text.png: Cannot open: File exists
tar: ./usr/share/pixmaps/ubuntu-logo.svg: Cannot open: File exists
tar: ./usr/share/profile: Cannot open: File exists
tar: ./usr/share/profile.md5sums: Cannot open: File exists
tar: ./usr/share/staff-group-for-usr-local: Cannot open: File exists
tar: ./bin: Cannot create symlink to 'usr/bin': File exists
tar: ./etc/os-release: Cannot open: File exists
tar: ./lib: Cannot create symlink to 'usr/lib': File exists
tar: ./lib64: Cannot create symlink to 'usr/lib64': File exists
tar: ./sbin: Cannot create symlink to 'usr/sbin': File exists
tar: ./usr/share/common-licenses/GFDL: Cannot create symlink to 'GFDL-1.3': File exists
tar: ./usr/share/common-licenses/GPL: Cannot create symlink to 'GPL-3': File exists
tar: ./usr/share/common-licenses/LGPL: Cannot create symlink to 'LGPL-3': File exists
tar: ./usr/share/doc/base-files/FAQ: Cannot create symlink to 'README': File exists
tar: Exiting with failure status due to previous errors
